Report Power (instances with prefix '*' are included in total) : 
-----+--------------+--------------------+---------------------+-------------------+-----------------
     | Instance     | Internal Power(uw) | Switching Power(uw) | Leakage Power(uw) | Total Power(uw) 
-----+--------------+--------------------+---------------------+-------------------+-----------------
1    |*i_0_0_0      |            0.090316|             0.228297|           0.036164|         0.354776
2    |*genblk1_0_FA |            0.240851|             0.854536|           0.119293|         1.214679
3    |*genblk1_1_FA |            0.127687|             0.203335|           0.061230|         0.392252
4    |*genblk1_2_FA |            0.127705|             0.230020|           0.061230|         0.418955
5    |*genblk1_3_FA |            0.127705|             0.230020|           0.061230|         0.418955
6    |*genblk1_4_FA |            0.127705|             0.230020|           0.061230|         0.418955
7    |*genblk1_5_FA |            0.127705|             0.230020|           0.061230|         0.418955
8    |*genblk1_6_FA |            0.127705|             0.230020|           0.061230|         0.418955
9    |*genblk1_7_FA |            0.127705|             0.230020|           0.061230|         0.418955
10   |*genblk1_8_FA |            0.127705|             0.230020|           0.061230|         0.418955
11   |*genblk1_9_FA |            0.127705|             0.230020|           0.061230|         0.418955
12   |*genblk1_10_FA|            0.127705|             0.230020|           0.061230|         0.418955
13   |*genblk1_11_FA|            0.127705|             0.230020|           0.061230|         0.418955
14   |*genblk1_12_FA|            0.127705|             0.230020|           0.061230|         0.418955
15   |*genblk1_13_FA|            0.127705|             0.230020|           0.061230|         0.418955
16   |*genblk1_14_FA|            0.127705|             0.230020|           0.061230|         0.418955
17   |*genblk1_15_FA|            0.127705|             0.230020|           0.061230|         0.418955
18   |*genblk1_16_FA|            0.127705|             0.230020|           0.061230|         0.418955
19   |*genblk1_17_FA|            0.127705|             0.230020|           0.061230|         0.418955
20   |*genblk1_18_FA|            0.127705|             0.230020|           0.061230|         0.418955
21   |*genblk1_19_FA|            0.127705|             0.230020|           0.061230|         0.418955
22   |*genblk1_20_FA|            0.127705|             0.230020|           0.061230|         0.418955
23   |*genblk1_21_FA|            0.127705|             0.230020|           0.061230|         0.418955
24   |*genblk1_22_FA|            0.127705|             0.230020|           0.061230|         0.418955
25   |*genblk1_23_FA|            0.127705|             0.230020|           0.061230|         0.418955
26   |*genblk1_24_FA|            0.127705|             0.230020|           0.061230|         0.418955
27   |*genblk1_25_FA|            0.127705|             0.230020|           0.061230|         0.418955
28   |*genblk1_26_FA|            0.127705|             0.230020|           0.061230|         0.418955
29   |*genblk1_27_FA|            0.127705|             0.230020|           0.061230|         0.418955
30   |*genblk1_28_FA|            0.127705|             0.230020|           0.061230|         0.418955
31   |*genblk1_29_FA|            0.127705|             0.230020|           0.061230|         0.418955
32   |*genblk1_30_FA|            0.127705|             0.230020|           0.061230|         0.418955
33   |*genblk1_31_FA|            0.125230|             0.172513|           0.061230|         0.358973
34   |*genblk2_0_FA |            0.124895|             0.327749|           0.061230|         0.513873
35   |*genblk2_1_FA |            0.235687|             0.731892|           0.119293|         1.086872
36   |*genblk2_2_FA |            0.235788|             0.732927|           0.119293|         1.088007
37   |*genblk2_3_FA |            0.235798|             0.733214|           0.119293|         1.088304
38   |*genblk2_4_FA |            0.235800|             0.734294|           0.119293|         1.089386
39   |*genblk2_5_FA |            0.235802|             0.734222|           0.119293|         1.089317
40   |*genblk2_6_FA |            0.235803|             0.734415|           0.119293|         1.089510
41   |*genblk2_7_FA |            0.235803|             0.734276|           0.119293|         1.089372
42   |*genblk2_8_FA |            0.235803|             0.734390|           0.119293|         1.089486
43   |*genblk2_9_FA |            0.235804|             0.734237|           0.119293|         1.089334
44   |*genblk2_10_FA|            0.235804|             0.734258|           0.119293|         1.089355
45   |*genblk2_11_FA|            0.235804|             0.734103|           0.119293|         1.089200
46   |*genblk2_12_FA|            0.235802|             0.734989|           0.119293|         1.090084
47   |*genblk2_13_FA|            0.235802|             0.734834|           0.119293|         1.089929
48   |*genblk2_14_FA|            0.235802|             0.734989|           0.119293|         1.090084
49   |*genblk2_15_FA|            0.235802|             0.734834|           0.119293|         1.089929
50   |*genblk2_16_FA|            0.235802|             0.734941|           0.119293|         1.090036
51   |*genblk2_17_FA|            0.235802|             0.734785|           0.119293|         1.089880
52   |*genblk2_18_FA|            0.235802|             0.734805|           0.119293|         1.089900
53   |*genblk2_19_FA|            0.235803|             0.734649|           0.119293|         1.089744
54   |*genblk2_20_FA|            0.235801|             0.735535|           0.119293|         1.090628
55   |*genblk2_21_FA|            0.235801|             0.735379|           0.119293|         1.090473
56   |*genblk2_22_FA|            0.235801|             0.735535|           0.119293|         1.090628
57   |*genblk2_23_FA|            0.235801|             0.735379|           0.119293|         1.090473
58   |*genblk2_24_FA|            0.235801|             0.735486|           0.119293|         1.090580
59   |*genblk2_25_FA|            0.235801|             0.735331|           0.119293|         1.090424
60   |*genblk2_26_FA|            0.235801|             0.735350|           0.119293|         1.090444
61   |*genblk2_27_FA|            0.235802|             0.735194|           0.119293|         1.090288
62   |*genblk2_28_FA|            0.235800|             0.736080|           0.119293|         1.091172
63   |*genblk2_29_FA|            0.235800|             0.735924|           0.119293|         1.091017
64   |*genblk2_30_FA|            0.236086|             0.725979|           0.119293|         1.081358
65   |*genblk2_31_FA|            0.085387|             0.270108|           0.036164|         0.391659
66   |              |                    |                     |                   |                 
67   |*TOTAL        |           11.572025|            30.759329|           5.729747|        48.061100
-----+--------------+--------------------+---------------------+-------------------+-----------------
