Report Power (instances with prefix '*' are included in total) : 
-----+-------------------+--------------------+---------------------+-------------------+-----------------
     | Instance          | Internal Power(uw) | Switching Power(uw) | Leakage Power(uw) | Total Power(uw) 
-----+-------------------+--------------------+---------------------+-------------------+-----------------
1    |*fa01              |            0.126847|             0.175545|           0.059136|         0.361529
2    |*fa00              |            0.127875|             0.174453|           0.061230|         0.363558
3    |*mux_carry1        |            0.087466|             0.358633|           0.035928|         0.482028
4    |*mux_carry2        |            0.083362|             0.120517|           0.035928|         0.239807
5    |*i_0_0_0           |            0.042166|             0.192383|           0.034566|         0.269115
6    |*i_0_0_1           |            0.021604|             0.028988|           0.021200|         0.071792
7    |*i_0_0_2           |            0.076278|             0.049312|           0.036164|         0.161753
8    |*genblk1_1_fa1     |            0.268520|             0.402560|           0.130288|         0.801368
9    |*genblk1_2_fa1     |            0.262448|             0.406351|           0.130288|         0.799087
10   |*genblk1_3_fa1     |            0.259844|             0.406544|           0.130288|         0.796677
11   |*genblk1_4_fa1     |            0.258603|             0.406289|           0.130288|         0.795180
12   |*genblk1_5_fa1     |            0.258003|             0.406088|           0.130288|         0.794379
13   |*genblk1_6_fa1     |            0.257712|             0.405973|           0.130288|         0.793973
14   |*genblk1_7_fa1     |            0.257571|             0.405912|           0.130288|         0.793772
15   |*genblk1_8_fa1     |            0.257503|             0.405882|           0.130288|         0.793674
16   |*genblk1_9_fa1     |            0.257470|             0.405867|           0.130288|         0.793626
17   |*genblk1_10_fa1    |            0.257454|             0.405860|           0.130288|         0.793603
18   |*genblk1_11_fa1    |            0.257446|             0.405857|           0.130288|         0.793591
19   |*genblk1_12_fa1    |            0.257443|             0.405855|           0.130288|         0.793586
20   |*genblk1_13_fa1    |            0.257441|             0.405854|           0.130288|         0.793583
21   |*genblk1_14_fa1    |            0.257440|             0.405854|           0.130288|         0.793582
22   |*genblk1_15_fa1    |            0.257440|             0.405854|           0.130288|         0.793581
23   |*genblk1_16_fa1    |            0.257439|             0.405853|           0.130288|         0.793581
24   |*genblk1_17_fa1    |            0.257439|             0.405853|           0.130288|         0.793581
25   |*genblk1_18_fa1    |            0.257439|             0.405853|           0.130288|         0.793581
26   |*genblk1_19_fa1    |            0.257439|             0.405853|           0.130288|         0.793581
27   |*genblk1_20_fa1    |            0.257439|             0.405853|           0.130288|         0.793581
28   |*genblk1_21_fa1    |            0.257439|             0.405853|           0.130288|         0.793581
29   |*genblk1_22_fa1    |            0.257439|             0.405853|           0.130288|         0.793581
30   |*genblk1_23_fa1    |            0.257439|             0.405853|           0.130288|         0.793581
31   |*genblk1_24_fa1    |            0.257439|             0.405853|           0.130288|         0.793581
32   |*genblk1_25_fa1    |            0.257439|             0.405853|           0.130288|         0.793581
33   |*genblk1_26_fa1    |            0.257439|             0.405853|           0.130288|         0.793581
34   |*genblk1_27_fa1    |            0.257439|             0.405853|           0.130288|         0.793581
35   |*genblk1_28_fa1    |            0.257439|             0.405853|           0.130288|         0.793581
36   |*genblk1_29_fa1    |            0.257439|             0.405853|           0.130288|         0.793581
37   |*genblk1_30_fa1    |            0.257579|             0.436314|           0.130288|         0.824181
38   |*genblk1_31_fa1    |            0.256269|             0.244911|           0.130288|         0.631468
39   |*genblk1_1_fa0     |            0.233718|             0.368790|           0.130288|         0.732796
40   |*genblk1_2_fa0     |            0.246559|             0.393210|           0.130288|         0.770056
41   |*genblk1_3_fa0     |            0.252261|             0.400783|           0.130288|         0.783333
42   |*genblk1_4_fa0     |            0.254932|             0.403255|           0.130288|         0.788475
43   |*genblk1_5_fa0     |            0.256213|             0.404144|           0.130288|         0.790645
44   |*genblk1_6_fa0     |            0.256832|             0.404499|           0.130288|         0.791619
45   |*genblk1_7_fa0     |            0.257132|             0.404652|           0.130288|         0.792072
46   |*genblk1_8_fa0     |            0.257277|             0.404723|           0.130288|         0.792288
47   |*genblk1_9_fa0     |            0.257347|             0.404756|           0.130288|         0.792391
48   |*genblk1_10_fa0    |            0.257382|             0.404771|           0.130288|         0.792441
49   |*genblk1_11_fa0    |            0.257398|             0.404779|           0.130288|         0.792465
50   |*genblk1_12_fa0    |            0.257406|             0.404783|           0.130288|         0.792477
51   |*genblk1_13_fa0    |            0.257410|             0.404784|           0.130288|         0.792482
52   |*genblk1_14_fa0    |            0.257412|             0.404785|           0.130288|         0.792485
53   |*genblk1_15_fa0    |            0.257413|             0.404786|           0.130288|         0.792486
54   |*genblk1_16_fa0    |            0.257413|             0.404786|           0.130288|         0.792487
55   |*genblk1_17_fa0    |            0.257413|             0.404786|           0.130288|         0.792487
56   |*genblk1_18_fa0    |            0.257414|             0.404786|           0.130288|         0.792488
57   |*genblk1_19_fa0    |            0.257414|             0.404786|           0.130288|         0.792488
58   |*genblk1_20_fa0    |            0.257414|             0.404786|           0.130288|         0.792488
59   |*genblk1_21_fa0    |            0.257414|             0.404786|           0.130288|         0.792488
60   |*genblk1_22_fa0    |            0.257414|             0.404786|           0.130288|         0.792488
61   |*genblk1_23_fa0    |            0.257414|             0.404786|           0.130288|         0.792488
62   |*genblk1_24_fa0    |            0.257414|             0.404786|           0.130288|         0.792488
63   |*genblk1_25_fa0    |            0.257414|             0.404786|           0.130288|         0.792488
64   |*genblk1_26_fa0    |            0.257414|             0.404786|           0.130288|         0.792488
65   |*genblk1_27_fa0    |            0.257414|             0.404786|           0.130288|         0.792488
66   |*genblk1_28_fa0    |            0.257414|             0.404786|           0.130288|         0.792488
67   |*genblk1_29_fa0    |            0.257414|             0.404786|           0.130288|         0.792488
68   |*genblk1_30_fa0    |            0.257550|             0.434196|           0.130288|         0.822034
69   |*genblk1_31_fa0    |            0.256240|             0.242793|           0.130288|         0.629321
70   |*genblk2_0_mux_sum |            0.087679|             0.240410|           0.035928|         0.364018
71   |*genblk2_1_mux_sum |            0.087709|             0.240527|           0.035928|         0.364165
72   |*genblk2_2_mux_sum |            0.087708|             0.240372|           0.035928|         0.364008
73   |*genblk2_3_mux_sum |            0.087708|             0.240391|           0.035928|         0.364028
74   |*genblk2_4_mux_sum |            0.087707|             0.240235|           0.035928|         0.363870
75   |*genblk2_5_mux_sum |            0.087715|             0.241112|           0.035928|         0.364754
76   |*genblk2_6_mux_sum |            0.087713|             0.240956|           0.035928|         0.364597
77   |*genblk2_7_mux_sum |            0.087715|             0.241112|           0.035928|         0.364754
78   |*genblk2_8_mux_sum |            0.087713|             0.240956|           0.035928|         0.364597
79   |*genblk2_9_mux_sum |            0.087714|             0.241073|           0.035928|         0.364715
80   |*genblk2_10_mux_sum|            0.087713|             0.240917|           0.035928|         0.364558
81   |*genblk2_11_mux_sum|            0.087713|             0.240936|           0.035928|         0.364578
82   |*genblk2_12_mux_sum|            0.087712|             0.240781|           0.035928|         0.364421
83   |*genblk2_13_mux_sum|            0.087719|             0.241657|           0.035928|         0.365305
84   |*genblk2_14_mux_sum|            0.087718|             0.241501|           0.035928|         0.365147
85   |*genblk2_15_mux_sum|            0.087719|             0.241657|           0.035928|         0.365305
86   |*genblk2_16_mux_sum|            0.087718|             0.241501|           0.035928|         0.365147
87   |*genblk2_17_mux_sum|            0.087719|             0.241618|           0.035928|         0.365265
88   |*genblk2_18_mux_sum|            0.087718|             0.241462|           0.035928|         0.365108
89   |*genblk2_19_mux_sum|            0.087718|             0.241482|           0.035928|         0.365128
90   |*genblk2_20_mux_sum|            0.087716|             0.241326|           0.035928|         0.364971
91   |*genblk2_21_mux_sum|            0.087724|             0.242202|           0.035928|         0.365855
92   |*genblk2_22_mux_sum|            0.087723|             0.242046|           0.035928|         0.365698
93   |*genblk2_23_mux_sum|            0.087724|             0.242202|           0.035928|         0.365855
94   |*genblk2_24_mux_sum|            0.087723|             0.242046|           0.035928|         0.365698
95   |*genblk2_25_mux_sum|            0.087724|             0.242163|           0.035928|         0.365816
96   |*genblk2_26_mux_sum|            0.087722|             0.242008|           0.035928|         0.365658
97   |*genblk2_27_mux_sum|            0.087723|             0.242027|           0.035928|         0.365678
98   |*genblk2_28_mux_sum|            0.087721|             0.241871|           0.035928|         0.365521
99   |*genblk2_29_mux_sum|            0.087729|             0.242747|           0.035928|         0.366405
100  |*genblk2_30_mux_sum|            0.087728|             0.242592|           0.035928|         0.366248
101  |*genblk2_31_mux_sum|            0.087729|             0.242747|           0.035928|         0.366405
102  |                   |                    |                     |                   |                 
103  |*TOTAL             |           19.307142|            33.637730|           9.511710|        62.456585
-----+-------------------+--------------------+---------------------+-------------------+-----------------
