Report for group default
Report for group I2R
Report for group I2O
--------------------------------------------------------------------------------------------------------------------------------------
Startpoint: A[0]
    (Clocked by vsysclk R)
Endpoint: overflow
    (Clocked by vsysclk R)
Path Group: I2O
Data required time: 19500.0
    (Clock shift: 20000.0, minus Uncertainty: 0.0, plus Latency 0.0, minus Out delay: 500.0)
Data arrival time: 2317.2
Slack: 17182.8
Logic depth: 65
--------------------------------------------------------------------------------------------------------------------------------------
                                                     Arrival               Arc      Net               Net    Total   fan-             
Path                     Module/Cell           Edge     Time    Delay    Delay    Delay     Slew     Load     Load    out     Location
                                                        (ps)     (ps)     (ps)     (ps)     (ps)     (ff)     (ff)    (#)      (um,um)
--------------------------------------------------------------------------------------------------------------------------------------
A[0]                     {set_input_delay}        r   1000.0   1000.0   1000.0                        5.8     19.0      4     0,   45 
fa00/i_0_1/A2->ZN        AND2_X4                 rr   1032.5     32.5     31.9      0.6      0.0      1.9     12.8      3    43,   43 
genblk1_1_fa0/i_0_1/B1->ZN
                         OAI21_X4                rf   1047.4     14.9     14.9      0.0     12.3      0.7      4.6      1    43,   43 
genblk1_1_fa0/i_0_0/A2->ZN
                         NAND2_X4                fr   1069.6     22.2     22.2      0.0      9.5      1.9     12.8      3    43,   43 
genblk1_2_fa0/i_0_1/B1->ZN
                         OAI21_X4                rf   1085.1     15.5     15.5      0.0     14.0      0.7      4.6      1    43,   43 
genblk1_2_fa0/i_0_0/A2->ZN
                         NAND2_X4                fr   1107.3     22.2     22.2      0.0      9.5      1.9     12.8      3    43,   43 
genblk1_3_fa0/i_0_1/B1->ZN
                         OAI21_X4                rf   1122.8     15.5     15.5      0.0     14.0      0.7      4.6      1    43,   43 
genblk1_3_fa0/i_0_0/A2->ZN
                         NAND2_X4                fr   1145.0     22.2     22.2      0.0      9.5      1.9     12.8      3    43,   43 
genblk1_4_fa0/i_0_1/B1->ZN
                         OAI21_X4                rf   1160.5     15.5     15.5      0.0     14.0      0.7      4.6      1    43,   43 
genblk1_4_fa0/i_0_0/A2->ZN
                         NAND2_X4                fr   1182.7     22.2     22.2      0.0      9.5      1.9     12.8      3    43,   43 
genblk1_5_fa0/i_0_1/B1->ZN
                         OAI21_X4                rf   1198.2     15.5     15.5      0.0     14.0      0.7      4.6      1    43,   43 
genblk1_5_fa0/i_0_0/A2->ZN
                         NAND2_X4                fr   1220.4     22.2     22.2      0.0      9.5      1.9     12.8      3    43,   43 
genblk1_6_fa0/i_0_1/B1->ZN
                         OAI21_X4                rf   1235.9     15.5     15.5      0.0     14.0      0.7      4.6      1    43,   43 
genblk1_6_fa0/i_0_0/A2->ZN
                         NAND2_X4                fr   1258.1     22.2     22.2      0.0      9.5      1.9     12.8      3    43,   43 
genblk1_7_fa0/i_0_1/B1->ZN
                         OAI21_X4                rf   1273.6     15.5     15.5      0.0     14.0      0.7      4.6      1    43,   43 
genblk1_7_fa0/i_0_0/A2->ZN
                         NAND2_X4                fr   1295.8     22.2     22.2      0.0      9.5      1.9     12.8      3    43,   43 
genblk1_8_fa0/i_0_1/B1->ZN
                         OAI21_X4                rf   1311.3     15.5     15.5      0.0     14.0      0.7      4.6      1    43,   43 
genblk1_8_fa0/i_0_0/A2->ZN
                         NAND2_X4                fr   1333.5     22.2     22.2      0.0      9.5      1.9     12.8      3    43,   43 
genblk1_9_fa0/i_0_1/B1->ZN
                         OAI21_X4                rf   1349.0     15.5     15.5      0.0     14.0      0.7      4.6      1    43,   43 
genblk1_9_fa0/i_0_0/A2->ZN
                         NAND2_X4                fr   1371.2     22.2     22.2      0.0      9.5      1.9     12.8      3    43,   43 
genblk1_10_fa0/i_0_1/B1->ZN
                         OAI21_X4                rf   1386.7     15.5     15.5      0.0     14.0      0.7      4.6      1    43,   43 
genblk1_10_fa0/i_0_0/A2->ZN
                         NAND2_X4                fr   1408.9     22.2     22.2      0.0      9.5      1.9     12.8      3    43,   43 
genblk1_11_fa0/i_0_1/B1->ZN
                         OAI21_X4                rf   1424.4     15.5     15.5      0.0     14.0      0.7      4.6      1    43,   43 
genblk1_11_fa0/i_0_0/A2->ZN
                         NAND2_X4                fr   1446.6     22.2     22.2      0.0      9.5      1.9     12.8      3    43,   43 
genblk1_12_fa0/i_0_1/B1->ZN
                         OAI21_X4                rf   1462.1     15.5     15.5      0.0     14.0      0.7      4.6      1    43,   43 
genblk1_12_fa0/i_0_0/A2->ZN
                         NAND2_X4                fr   1484.3     22.2     22.2      0.0      9.5      1.9     12.8      3    43,   43 
genblk1_13_fa0/i_0_1/B1->ZN
                         OAI21_X4                rf   1499.8     15.5     15.5      0.0     14.0      0.7      4.6      1    43,   43 
genblk1_13_fa0/i_0_0/A2->ZN
                         NAND2_X4                fr   1522.0     22.2     22.2      0.0      9.5      1.9     12.8      3    43,   43 
genblk1_14_fa0/i_0_1/B1->ZN
                         OAI21_X4                rf   1537.5     15.5     15.5      0.0     14.0      0.7      4.6      1    43,   43 
genblk1_14_fa0/i_0_0/A2->ZN
                         NAND2_X4                fr   1559.7     22.2     22.2      0.0      9.5      1.9     12.8      3    43,   43 
genblk1_15_fa0/i_0_1/B1->ZN
                         OAI21_X4                rf   1575.2     15.5     15.5      0.0     14.0      0.7      4.6      1    43,   43 
genblk1_15_fa0/i_0_0/A2->ZN
                         NAND2_X4                fr   1597.4     22.2     22.2      0.0      9.5      1.9     12.8      3    43,   43 
genblk1_16_fa0/i_0_1/B1->ZN
                         OAI21_X4                rf   1612.9     15.5     15.5      0.0     14.0      0.7      4.6      1    43,   43 
genblk1_16_fa0/i_0_0/A2->ZN
                         NAND2_X4                fr   1635.1     22.2     22.2      0.0      9.5      1.9     12.8      3    43,   43 
genblk1_17_fa0/i_0_1/B1->ZN
                         OAI21_X4                rf   1650.6     15.5     15.5      0.0     14.0      0.7      4.6      1    43,   43 
genblk1_17_fa0/i_0_0/A2->ZN
                         NAND2_X4                fr   1672.8     22.2     22.2      0.0      9.5      1.9     12.8      3    43,   43 
genblk1_18_fa0/i_0_1/B1->ZN
                         OAI21_X4                rf   1688.3     15.5     15.5      0.0     14.0      0.7      4.6      1    43,   43 
genblk1_18_fa0/i_0_0/A2->ZN
                         NAND2_X4                fr   1710.5     22.2     22.2      0.0      9.5      1.9     12.8      3    43,   43 
genblk1_19_fa0/i_0_1/B1->ZN
                         OAI21_X4                rf   1726.0     15.5     15.5      0.0     14.0      0.7      4.6      1    43,   43 
genblk1_19_fa0/i_0_0/A2->ZN
                         NAND2_X4                fr   1748.2     22.2     22.2      0.0      9.5      1.9     12.8      3    43,   43 
genblk1_20_fa0/i_0_1/B1->ZN
                         OAI21_X4                rf   1763.7     15.5     15.5      0.0     14.0      0.7      4.6      1    43,   43 
genblk1_20_fa0/i_0_0/A2->ZN
                         NAND2_X4                fr   1785.9     22.2     22.2      0.0      9.5      1.9     12.8      3    43,   43 
genblk1_21_fa0/i_0_1/B1->ZN
                         OAI21_X4                rf   1801.4     15.5     15.5      0.0     14.0      0.7      4.6      1    43,   43 
genblk1_21_fa0/i_0_0/A2->ZN
                         NAND2_X4                fr   1823.6     22.2     22.2      0.0      9.5      1.9     12.8      3    43,   43 
genblk1_22_fa0/i_0_1/B1->ZN
                         OAI21_X4                rf   1839.1     15.5     15.5      0.0     14.0      0.7      4.6      1    43,   43 
genblk1_22_fa0/i_0_0/A2->ZN
                         NAND2_X4                fr   1861.3     22.2     22.2      0.0      9.5      1.9     12.8      3    43,   43 
genblk1_23_fa0/i_0_1/B1->ZN
                         OAI21_X4                rf   1876.8     15.5     15.5      0.0     14.0      0.7      4.6      1    43,   43 
genblk1_23_fa0/i_0_0/A2->ZN
                         NAND2_X4                fr   1899.0     22.2     22.2      0.0      9.5      1.9     12.8      3    43,   43 
genblk1_24_fa0/i_0_1/B1->ZN
                         OAI21_X4                rf   1914.5     15.5     15.5      0.0     14.0      0.7      4.6      1    43,   43 
genblk1_24_fa0/i_0_0/A2->ZN
                         NAND2_X4                fr   1936.7     22.2     22.2      0.0      9.5      1.9     12.8      3    43,   43 
genblk1_25_fa0/i_0_1/B1->ZN
                         OAI21_X4                rf   1952.2     15.5     15.5      0.0     14.0      0.7      4.6      1    43,   43 
genblk1_25_fa0/i_0_0/A2->ZN
                         NAND2_X4                fr   1974.4     22.2     22.2      0.0      9.5      1.9     12.8      3    43,   43 
genblk1_26_fa0/i_0_1/B1->ZN
                         OAI21_X4                rf   1989.9     15.5     15.5      0.0     14.0      0.7      4.6      1    43,   43 
genblk1_26_fa0/i_0_0/A2->ZN
                         NAND2_X4                fr   2012.1     22.2     22.2      0.0      9.5      1.9     12.8      3    43,   43 
genblk1_27_fa0/i_0_1/B1->ZN
                         OAI21_X4                rf   2027.6     15.5     15.5      0.0     14.0      0.7      4.6      1    43,   43 
genblk1_27_fa0/i_0_0/A2->ZN
                         NAND2_X4                fr   2049.8     22.2     22.2      0.0      9.5      1.9     12.8      3    43,   43 
genblk1_28_fa0/i_0_1/B1->ZN
                         OAI21_X4                rf   2065.3     15.5     15.5      0.0     14.0      0.7      4.6      1    43,   43 
genblk1_28_fa0/i_0_0/A2->ZN
                         NAND2_X4                fr   2087.5     22.2     22.2      0.0      9.5      1.9     12.8      3    43,   43 
genblk1_29_fa0/i_0_1/B1->ZN
                         OAI21_X4                rf   2103.0     15.5     15.5      0.0     14.0      0.7      4.6      1    43,   43 
genblk1_29_fa0/i_0_0/A2->ZN
                         NAND2_X4                fr   2125.2     22.2     22.2      0.0      9.5      1.9     12.8      3    43,   43 
genblk1_30_fa0/i_0_1/B1->ZN
                         OAI21_X4                rf   2140.7     15.5     15.5      0.0     14.0      0.7      4.6      1    43,   43 
genblk1_30_fa0/i_0_0/A2->ZN
                         NAND2_X4                fr   2164.1     23.4     23.4      0.0      9.5      2.6     14.8      4    43,   43 
genblk1_31_fa0/i_0_1/B1->ZN
                         OAI21_X4                rf   2180.0     15.9     15.9      0.0     15.1      0.7      4.6      1    43,   43 
genblk1_31_fa0/i_0_0/A2->ZN
                         NAND2_X2                fr   2195.1     15.1     15.1      0.0      9.5      0.7      1.9      1    43,   43 
mux_carry1/i_0_0/A->Z    MUX2_X2                 rr   2260.1     65.0     65.0      0.0      8.3      1.4     24.1      3    43,   43 
i_0_0_0/C2->ZN           AOI211_X4               rf   2316.6     56.5     56.5      0.0     31.8      5.9     15.9      1    43,   43 
overflow                                          f   2317.2      0.6               0.6      7.9                              0,   46 
--------------------------------------------------------------------------------------------------------------------------------------
Report for group R2O
