Report Power (instances with prefix '*' are included in total) : 
-----+--------------+--------------------+---------------------+-------------------+-----------------
     | Instance     | Internal Power(uw) | Switching Power(uw) | Leakage Power(uw) | Total Power(uw) 
-----+--------------+--------------------+---------------------+-------------------+-----------------
1    |*genblk1_0_FA |            0.240851|             0.854292|           0.119293|         1.214436
2    |*genblk1_1_FA |            0.127687|             0.203335|           0.061230|         0.392252
3    |*genblk1_2_FA |            0.127705|             0.230020|           0.061230|         0.418955
4    |*genblk1_3_FA |            0.127705|             0.230020|           0.061230|         0.418955
5    |*genblk1_4_FA |            0.127705|             0.230020|           0.061230|         0.418955
6    |*genblk1_5_FA |            0.127705|             0.230020|           0.061230|         0.418955
7    |*genblk1_6_FA |            0.127705|             0.230020|           0.061230|         0.418955
8    |*genblk1_7_FA |            0.127705|             0.230020|           0.061230|         0.418955
9    |*genblk1_8_FA |            0.127705|             0.230020|           0.061230|         0.418955
10   |*genblk1_9_FA |            0.127705|             0.230020|           0.061230|         0.418955
11   |*genblk1_10_FA|            0.127705|             0.230020|           0.061230|         0.418955
12   |*genblk1_11_FA|            0.127705|             0.230020|           0.061230|         0.418955
13   |*genblk1_12_FA|            0.127705|             0.230020|           0.061230|         0.418955
14   |*genblk1_13_FA|            0.127705|             0.230020|           0.061230|         0.418955
15   |*genblk1_14_FA|            0.127705|             0.230020|           0.061230|         0.418955
16   |*genblk1_15_FA|            0.127705|             0.230020|           0.061230|         0.418955
17   |*genblk1_16_FA|            0.127705|             0.230020|           0.061230|         0.418955
18   |*genblk1_17_FA|            0.127705|             0.230020|           0.061230|         0.418955
19   |*genblk1_18_FA|            0.127705|             0.230020|           0.061230|         0.418955
20   |*genblk1_19_FA|            0.127705|             0.230020|           0.061230|         0.418955
21   |*genblk1_20_FA|            0.127705|             0.230020|           0.061230|         0.418955
22   |*genblk1_21_FA|            0.127705|             0.230020|           0.061230|         0.418955
23   |*genblk1_22_FA|            0.127705|             0.230020|           0.061230|         0.418955
24   |*genblk1_23_FA|            0.127705|             0.230020|           0.061230|         0.418955
25   |*genblk1_24_FA|            0.127705|             0.230020|           0.061230|         0.418955
26   |*genblk1_25_FA|            0.127705|             0.230020|           0.061230|         0.418955
27   |*genblk1_26_FA|            0.127705|             0.230020|           0.061230|         0.418955
28   |*genblk1_27_FA|            0.127705|             0.230020|           0.061230|         0.418955
29   |*genblk1_28_FA|            0.127705|             0.230020|           0.061230|         0.418955
30   |*genblk1_29_FA|            0.127705|             0.230020|           0.061230|         0.418955
31   |*genblk1_30_FA|            0.127705|             0.230020|           0.061230|         0.418955
32   |*genblk1_31_FA|            0.125230|             0.172513|           0.061230|         0.358973
33   |*genblk2_0_FA |            0.124894|             0.327914|           0.061230|         0.514038
34   |*genblk2_1_FA |            0.235686|             0.732369|           0.119293|         1.087348
35   |*genblk2_2_FA |            0.235787|             0.733384|           0.119293|         1.088464
36   |*genblk2_3_FA |            0.235797|             0.733671|           0.119293|         1.088761
37   |*genblk2_4_FA |            0.235800|             0.734031|           0.119293|         1.089124
38   |*genblk2_5_FA |            0.235802|             0.734271|           0.119293|         1.089366
39   |*genblk2_6_FA |            0.235803|             0.734172|           0.119293|         1.089268
40   |*genblk2_7_FA |            0.235804|             0.734033|           0.119293|         1.089129
41   |*genblk2_8_FA |            0.235803|             0.734555|           0.119293|         1.089651
42   |*genblk2_9_FA |            0.235803|             0.734714|           0.119293|         1.089810
43   |*genblk2_10_FA|            0.235803|             0.734716|           0.119293|         1.089811
44   |*genblk2_11_FA|            0.235803|             0.734560|           0.119293|         1.089656
45   |*genblk2_12_FA|            0.235803|             0.734726|           0.119293|         1.089822
46   |*genblk2_13_FA|            0.235802|             0.734882|           0.119293|         1.089977
47   |*genblk2_14_FA|            0.235803|             0.734746|           0.119293|         1.089841
48   |*genblk2_15_FA|            0.235803|             0.734590|           0.119293|         1.089686
49   |*genblk2_16_FA|            0.235802|             0.735106|           0.119293|         1.090201
50   |*genblk2_17_FA|            0.235801|             0.735262|           0.119293|         1.090356
51   |*genblk2_18_FA|            0.235801|             0.735262|           0.119293|         1.090356
52   |*genblk2_19_FA|            0.235802|             0.735106|           0.119293|         1.090201
53   |*genblk2_20_FA|            0.235801|             0.735272|           0.119293|         1.090366
54   |*genblk2_21_FA|            0.235801|             0.735428|           0.119293|         1.090521
55   |*genblk2_22_FA|            0.235801|             0.735291|           0.119293|         1.090385
56   |*genblk2_23_FA|            0.235802|             0.735136|           0.119293|         1.090230
57   |*genblk2_24_FA|            0.235801|             0.735652|           0.119293|         1.090745
58   |*genblk2_25_FA|            0.235800|             0.735807|           0.119293|         1.090900
59   |*genblk2_26_FA|            0.235800|             0.735807|           0.119293|         1.090900
60   |*genblk2_27_FA|            0.235801|             0.735652|           0.119293|         1.090745
61   |*genblk2_28_FA|            0.235800|             0.735817|           0.119293|         1.090910
62   |*genblk2_29_FA|            0.235800|             0.735973|           0.119293|         1.091066
63   |*genblk2_30_FA|            0.237168|             0.744737|           0.119293|         1.101197
64   |*genblk2_31_FA|            0.085671|             0.215741|           0.036164|         0.337575
65   |*i_0_0_0      |            0.075684|             0.043183|           0.036441|         0.155309
66   |*i_0_0_1      |            0.077250|             0.040149|           0.036164|         0.153562
67   |*i_0_0_2      |            0.051828|             0.175437|           0.025066|         0.252331
68   |              |                    |                     |                   |                 
69   |*TOTAL        |           11.687829|            30.757860|           5.791254|        48.236942
-----+--------------+--------------------+---------------------+-------------------+-----------------
