Report Power (instances with prefix '*' are included in total) : 
-----+-------------------+--------------------+---------------------+-------------------+-----------------
     | Instance          | Internal Power(uw) | Switching Power(uw) | Leakage Power(uw) | Total Power(uw) 
-----+-------------------+--------------------+---------------------+-------------------+-----------------
1    |*A1                |         1435.286987|          4771.242676|          46.790249|      6253.319824
2    |*adder_b_in_reg[31]|            1.901143|             9.268484|           0.040863|        11.210490
3    |*adder_b_in_reg[30]|            1.910020|            12.223006|           0.040863|        14.173889
4    |*adder_b_in_reg[29]|            1.900919|             9.194002|           0.040863|        11.135784
5    |*adder_b_in_reg[28]|            1.900919|             9.194002|           0.040863|        11.135784
6    |*adder_b_in_reg[27]|            1.901125|             9.262844|           0.040863|        11.204832
7    |*adder_b_in_reg[26]|            1.905658|            10.771160|           0.040863|        12.717681
8    |*adder_b_in_reg[25]|            1.905641|            10.765471|           0.040863|        12.711975
9    |*adder_b_in_reg[24]|            1.901235|             9.299212|           0.040863|        11.241310
10   |*adder_b_in_reg[23]|            1.901343|             9.335199|           0.040863|        11.277405
11   |*adder_b_in_reg[22]|            1.906859|            11.170788|           0.040863|        13.118510
12   |*adder_b_in_reg[21]|            1.928127|            18.248789|           0.040863|        20.217779
13   |*adder_b_in_reg[20]|            1.907648|            11.433409|           0.040863|        13.381920
14   |*adder_b_in_reg[19]|            1.929777|            18.797918|           0.040863|        20.768559
15   |*adder_b_in_reg[18]|            1.911692|            12.779140|           0.040863|        14.731695
16   |*adder_b_in_reg[17]|            1.929530|            18.715525|           0.040863|        20.685919
17   |*adder_b_in_reg[16]|            1.910671|            12.439424|           0.040863|        14.390957
18   |*adder_b_in_reg[15]|            1.919222|            15.285154|           0.040863|        17.245239
19   |*adder_b_in_reg[14]|            1.901366|             8.586957|           0.040863|        10.529186
20   |*adder_b_in_reg[13]|            1.919157|            15.263551|           0.040863|        17.223572
21   |*adder_b_in_reg[12]|            1.901044|             8.928522|           0.040863|        10.870429
22   |*adder_b_in_reg[11]|            1.919222|            15.285154|           0.040863|        17.245239
23   |*adder_b_in_reg[10]|            1.901486|             9.382956|           0.040863|        11.325305
24   |*adder_b_in_reg[9] |            1.919461|            15.364672|           0.040863|        17.324997
25   |*adder_b_in_reg[8] |            1.901575|             9.412516|           0.040863|        11.354954
26   |*adder_b_in_reg[7] |            1.912092|            12.912354|           0.040863|        14.865309
27   |*adder_b_in_reg[6] |            1.903317|             6.519414|           0.040863|         8.463594
28   |*adder_b_in_reg[5] |            1.911853|            12.832838|           0.040863|        14.785554
29   |*adder_b_in_reg[4] |            1.903345|             6.489854|           0.040863|         8.434062
30   |*adder_b_in_reg[3] |            1.911895|            12.847013|           0.040863|        14.799771
31   |*adder_b_in_reg[2] |            1.902868|             6.995771|           0.040863|         8.939502
32   |*adder_b_in_reg[1] |            1.911984|            12.876575|           0.040863|        14.829422
33   |*adder_b_in_reg[0] |            1.908563|            11.738030|           0.040863|        13.687456
34   |*adder_a_in_reg[31]|            1.901505|             9.388960|           0.040863|        11.331327
35   |*adder_a_in_reg[30]|            1.913233|            13.292135|           0.040863|        15.246231
36   |*adder_a_in_reg[29]|            1.903918|            10.192192|           0.040863|        12.136973
37   |*adder_a_in_reg[28]|            1.903918|            10.192192|           0.040863|        12.136973
38   |*adder_a_in_reg[27]|            1.901930|             7.989716|           0.040863|         9.932509
39   |*adder_a_in_reg[26]|            1.917837|            14.824346|           0.040863|        16.783047
40   |*adder_a_in_reg[25]|            1.904196|            10.284520|           0.040863|        12.229579
41   |*adder_a_in_reg[24]|            1.901941|             7.978028|           0.040863|         9.920832
42   |*adder_a_in_reg[23]|            1.901343|             9.335199|           0.040863|        11.277405
43   |*adder_a_in_reg[22]|            1.922598|            16.408705|           0.040863|        18.372166
44   |*adder_a_in_reg[21]|            1.923504|            16.710300|           0.040863|        18.674667
45   |*adder_a_in_reg[20]|            1.907141|            11.264696|           0.040863|        13.212700
46   |*adder_a_in_reg[19]|            1.923740|            16.788710|           0.040863|        18.753313
47   |*adder_a_in_reg[18]|            1.901821|             9.494203|           0.040863|        11.436887
48   |*adder_a_in_reg[17]|            1.923522|            16.716438|           0.040863|        18.680824
49   |*adder_a_in_reg[16]|            1.904032|            10.230246|           0.040863|        12.175141
50   |*adder_a_in_reg[15]|            1.911699|            12.781674|           0.040863|        14.734236
51   |*adder_a_in_reg[14]|            1.902837|             7.028353|           0.040863|         8.972053
52   |*adder_a_in_reg[13]|            1.914820|            13.820316|           0.040863|        15.775999
53   |*adder_a_in_reg[12]|            1.902489|             7.397553|           0.040863|         9.340905
54   |*adder_a_in_reg[11]|            1.913259|            13.300916|           0.040863|        15.255038
55   |*adder_a_in_reg[10]|            1.902489|             7.397553|           0.040863|         9.340905
56   |*adder_a_in_reg[9] |            1.914713|            13.784538|           0.040863|        15.740113
57   |*adder_a_in_reg[8] |            1.902011|             7.903481|           0.040863|         9.846355
58   |*adder_a_in_reg[7] |            1.907415|            11.355919|           0.040863|        13.304197
59   |*adder_a_in_reg[6] |            1.904753|             4.997533|           0.040863|         6.943150
60   |*adder_a_in_reg[5] |            1.907415|            11.355919|           0.040863|        13.304197
61   |*adder_a_in_reg[4] |            1.904753|             4.997533|           0.040863|         6.943150
62   |*adder_a_in_reg[3] |            1.907546|            11.399655|           0.040863|        13.348064
63   |*adder_a_in_reg[2] |            1.904753|             4.997533|           0.040863|         6.943150
64   |*adder_a_in_reg[1] |            1.907457|            11.370095|           0.040863|        13.318415
65   |*adder_a_in_reg[0] |            1.905565|            10.740201|           0.040863|        12.686629
66   |*i_0_0_0           |            0.021052|             0.248876|           0.014353|         0.284281
67   |*i_0_0_1           |            0.099959|             0.349668|           0.047399|         0.497026
68   |*i_0_0_2           |            0.023134|             0.273406|           0.014353|         0.310893
69   |*i_0_0_3           |            0.110016|             0.384252|           0.047399|         0.541667
70   |*i_0_0_4           |            0.023625|             0.279050|           0.014353|         0.317028
71   |*i_0_0_5           |            0.112408|             0.392401|           0.047399|         0.552208
72   |*i_0_0_6           |            0.023632|             0.270817|           0.014353|         0.308803
73   |*i_0_0_7           |            0.112408|             0.392401|           0.047399|         0.552208
74   |*i_0_0_8           |            0.023630|             0.273352|           0.014353|         0.311336
75   |*i_0_0_9           |            0.112408|             0.392401|           0.047399|         0.552208
76   |*i_0_0_10          |            0.023624|             0.279455|           0.014353|         0.317432
77   |*i_0_0_11          |            0.112408|             0.392401|           0.047399|         0.552208
78   |*i_0_0_12          |            0.023624|             0.279830|           0.014353|         0.317808
79   |*i_0_0_13          |            0.112408|             0.392401|           0.047399|         0.552208
80   |*i_0_0_14          |            0.023624|             0.279744|           0.014353|         0.317721
81   |*i_0_0_15          |            0.112408|             0.392401|           0.047399|         0.552208
82   |*i_0_0_16          |            0.023624|             0.279590|           0.014353|         0.317567
83   |*i_0_0_17          |            0.112408|             0.392401|           0.047399|         0.552208
84   |*i_0_0_18          |            0.023633|             0.270277|           0.014353|         0.308263
85   |*i_0_0_19          |            0.112408|             0.392401|           0.047399|         0.552208
86   |*i_0_0_20          |            0.023631|             0.272813|           0.014353|         0.310796
87   |*i_0_0_21          |            0.112408|             0.392401|           0.047399|         0.552208
88   |*i_0_0_22          |            0.023624|             0.279995|           0.014353|         0.317972
89   |*i_0_0_23          |            0.112408|             0.392401|           0.047399|         0.552208
90   |*i_0_0_24          |            0.023623|             0.280370|           0.014353|         0.318347
91   |*i_0_0_25          |            0.112408|             0.392401|           0.047399|         0.552208
92   |*i_0_0_26          |            0.023624|             0.280283|           0.014353|         0.318260
93   |*i_0_0_27          |            0.112408|             0.392400|           0.047399|         0.552207
94   |*i_0_0_28          |            0.023547|             0.279218|           0.014353|         0.317118
95   |*i_0_0_29          |            0.112031|             0.391124|           0.047399|         0.550554
96   |*i_0_0_30          |            0.023633|             0.269738|           0.014353|         0.307724
97   |*i_0_0_31          |            0.112408|             0.392401|           0.047399|         0.552208
98   |*i_0_0_32          |            0.023631|             0.272273|           0.014353|         0.310257
99   |*i_0_0_33          |            0.112408|             0.392401|           0.047399|         0.552208
100  |*i_0_0_34          |            0.023623|             0.280534|           0.014353|         0.318511
101  |*i_0_0_35          |            0.112408|             0.392401|           0.047399|         0.552208
102  |*i_0_0_36          |            0.023623|             0.280910|           0.014353|         0.318886
103  |*i_0_0_37          |            0.112408|             0.392401|           0.047399|         0.552208
104  |*i_0_0_38          |            0.023623|             0.280823|           0.014353|         0.318800
105  |*i_0_0_39          |            0.112408|             0.392401|           0.047399|         0.552208
106  |*i_0_0_40          |            0.023588|             0.280250|           0.014353|         0.318191
107  |*i_0_0_41          |            0.112235|             0.391815|           0.047399|         0.551448
108  |*i_0_0_42          |            0.023634|             0.269198|           0.014353|         0.307185
109  |*i_0_0_43          |            0.112408|             0.392401|           0.047399|         0.552208
110  |*i_0_0_44          |            0.023142|             0.266100|           0.014353|         0.303594
111  |*i_0_0_45          |            0.110020|             0.384266|           0.047399|         0.541685
112  |*i_0_0_46          |            0.065274|             0.279636|           0.022695|         0.367605
113  |*i_0_0_47          |            0.063668|             0.281109|           0.022695|         0.367472
114  |*i_0_0_48          |            0.063518|             0.280356|           0.022695|         0.366568
115  |*i_0_0_49          |            0.063447|             0.279891|           0.022695|         0.366033
116  |*i_0_0_50          |            0.063391|             0.267264|           0.022695|         0.353351
117  |*i_0_0_51          |            0.063382|             0.269727|           0.022695|         0.355804
118  |*i_0_0_52          |            0.063396|             0.280064|           0.022695|         0.366155
119  |*i_0_0_53          |            0.064278|             0.284351|           0.022695|         0.371323
120  |*i_0_0_54          |            0.023477|             0.280178|           0.014353|         0.318008
121  |*i_0_0_55          |            0.110169|             0.389999|           0.047399|         0.547567
122  |*i_0_0_56          |            0.000733|             0.010431|           0.014353|         0.025517
123  |*i_0_0_57          |            0.000972|             0.100435|           0.021200|         0.122607
124  |*i_0_0_58          |            0.000729|             0.020659|           0.026832|         0.048220
125  |*i_0_0_59          |            0.014216|             0.016693|           0.018127|         0.049036
126  |*i_0_0_60          |            0.014217|             0.017479|           0.018127|         0.049823
127  |*i_0_0_61          |            0.000513|             0.021524|           0.021200|         0.043237
128  |*i_0_0_62          |            0.014217|             0.017368|           0.018127|         0.049712
129  |*i_0_0_63          |            0.014217|             0.017639|           0.018127|         0.049983
130  |                   |                    |                     |                   |                 
131  |*TOTAL             |         1561.269287|          5508.983887|          51.225258|      7121.478027
-----+-------------------+--------------------+---------------------+-------------------+-----------------
