Report End Points: 
-----+-------+------+-------+-----+-----+-----+-----+-----------+---------
     |Group  |Launch|Capture|Shift|Delay|Depth|Slack|Begin Point|End Point
-----+-------+------+-------+-----+-----+-----+-----+-----------+---------
1    |default|      |       |     |     |     |     |           |         
-----+-------+------+-------+-----+-----+-----+-----+-----------+---------
Report End Points: 
-----+-----+------+-------+-----+-----+-----+-----+-----------+---------
     |Group|Launch|Capture|Shift|Delay|Depth|Slack|Begin Point|End Point
-----+-----+------+-------+-----+-----+-----+-----+-----------+---------
1    |I2R  |      |       |     |     |     |     |           |         
-----+-----+------+-------+-----+-----+-----+-----+-----------+---------
Report End Points: 
-----+-----+-------+-------+-------+------+-----+-------+-----------+---------
     |Group|Launch |Capture|Shift  |Delay |Depth|Slack  |Begin Point|End Point
-----+-----+-------+-------+-------+------+-----+-------+-----------+---------
1    |I2O  |vsysclk|vsysclk|20000.0|2309.9|   65|16190.1|Y[0]       |OF       
2    |I2O  |vsysclk|vsysclk|20000.0|2303.9|   64|16196.1|Y[0]       |S[31]    
3    |I2O  |vsysclk|vsysclk|20000.0|2237.7|   63|16262.3|Y[0]       |Cout     
4    |I2O  |vsysclk|vsysclk|20000.0|2224.1|   62|16275.9|Y[0]       |S[30]    
5    |I2O  |vsysclk|vsysclk|20000.0|2148.6|   60|16351.4|Y[0]       |S[29]    
6    |I2O  |vsysclk|vsysclk|20000.0|2077.4|   58|16422.6|Y[0]       |S[28]    
7    |I2O  |vsysclk|vsysclk|20000.0|2006.2|   56|16493.8|Y[0]       |S[27]    
8    |I2O  |vsysclk|vsysclk|20000.0|1935.0|   54|16565.0|Y[0]       |S[26]    
9    |I2O  |vsysclk|vsysclk|20000.0|1863.8|   52|16636.2|Y[0]       |S[25]    
10   |I2O  |vsysclk|vsysclk|20000.0|1792.6|   50|16707.4|Y[0]       |S[24]    
11   |I2O  |vsysclk|vsysclk|20000.0|1721.4|   48|16778.6|Y[0]       |S[23]    
12   |I2O  |vsysclk|vsysclk|20000.0|1650.2|   46|16849.8|Y[0]       |S[22]    
13   |I2O  |vsysclk|vsysclk|20000.0|1579.0|   44|16921.0|Y[0]       |S[21]    
14   |I2O  |vsysclk|vsysclk|20000.0|1507.8|   42|16992.2|Y[0]       |S[20]    
15   |I2O  |vsysclk|vsysclk|20000.0|1436.6|   40|17063.4|Y[0]       |S[19]    
16   |I2O  |vsysclk|vsysclk|20000.0|1365.4|   38|17134.6|Y[0]       |S[18]    
17   |I2O  |vsysclk|vsysclk|20000.0|1294.2|   36|17205.8|Y[0]       |S[17]    
18   |I2O  |vsysclk|vsysclk|20000.0|1223.0|   34|17277.0|Y[0]       |S[16]    
19   |I2O  |vsysclk|vsysclk|20000.0|1151.8|   32|17348.2|Y[0]       |S[15]    
20   |I2O  |vsysclk|vsysclk|20000.0|1080.6|   30|17419.4|Y[0]       |S[14]    
21   |I2O  |vsysclk|vsysclk|20000.0|1009.4|   28|17490.6|Y[0]       |S[13]    
22   |I2O  |vsysclk|vsysclk|20000.0| 938.2|   26|17561.8|Y[0]       |S[12]    
23   |I2O  |vsysclk|vsysclk|20000.0| 867.0|   24|17633.0|Y[0]       |S[11]    
24   |I2O  |vsysclk|vsysclk|20000.0| 795.8|   22|17704.2|Y[0]       |S[10]    
25   |I2O  |vsysclk|vsysclk|20000.0| 724.6|   20|17775.4|Y[0]       |S[9]     
26   |I2O  |vsysclk|vsysclk|20000.0| 653.4|   18|17846.6|Y[0]       |S[8]     
27   |I2O  |vsysclk|vsysclk|20000.0| 582.2|   16|17917.8|Y[0]       |S[7]     
28   |I2O  |vsysclk|vsysclk|20000.0| 511.0|   14|17989.0|Y[0]       |S[6]     
29   |I2O  |vsysclk|vsysclk|20000.0| 439.8|   12|18060.2|Y[0]       |S[5]     
30   |I2O  |vsysclk|vsysclk|20000.0| 368.5|   10|18131.5|Y[0]       |S[4]     
31   |I2O  |vsysclk|vsysclk|20000.0| 297.3|    8|18202.7|Y[0]       |S[3]     
32   |I2O  |vsysclk|vsysclk|20000.0| 226.1|    6|18273.9|Y[0]       |S[2]     
33   |I2O  |vsysclk|vsysclk|20000.0| 155.0|    4|18345.0|Y[0]       |S[1]     
34   |I2O  |vsysclk|vsysclk|20000.0|  98.2|    2|18401.8|X[0]       |S[0]     
-----+-----+-------+-------+-------+------+-----+-------+-----------+---------
Report End Points: 
-----+-----+------+-------+-----+-----+-----+-----+-----------+---------
     |Group|Launch|Capture|Shift|Delay|Depth|Slack|Begin Point|End Point
-----+-----+------+-------+-----+-----+-----+-----+-----------+---------
1    |R2O  |      |       |     |     |     |     |           |         
-----+-----+------+-------+-----+-----+-----+-----+-----------+---------
