Report Power (instances with prefix '*' are included in total) : 
-----+--------------+--------------------+---------------------+-------------------+-----------------
     | Instance     | Internal Power(uw) | Switching Power(uw) | Leakage Power(uw) | Total Power(uw) 
-----+--------------+--------------------+---------------------+-------------------+-----------------
1    |*i_0_0_0      |            0.042505|             0.180862|           0.034566|         0.257933
2    |*i_0_0_1      |            0.031298|             0.043011|           0.021200|         0.095508
3    |*i_0_0_2      |            0.076278|             0.049312|           0.036164|         0.161753
4    |*genblk1_0_FA |            0.239849|             0.885936|           0.119293|         1.245078
5    |*genblk1_1_FA |            0.241730|             0.879073|           0.119293|         1.240096
6    |*genblk1_2_FA |            0.242447|             0.875535|           0.119293|         1.237275
7    |*genblk1_3_FA |            0.242709|             0.874202|           0.119293|         1.236204
8    |*genblk1_4_FA |            0.242807|             0.873527|           0.119293|         1.235626
9    |*genblk1_5_FA |            0.242842|             0.873778|           0.119293|         1.235912
10   |*genblk1_6_FA |            0.242856|             0.873548|           0.119293|         1.235697
11   |*genblk1_7_FA |            0.242861|             0.873676|           0.119293|         1.235830
12   |*genblk1_8_FA |            0.242863|             0.873510|           0.119293|         1.235666
13   |*genblk1_9_FA |            0.242863|             0.874052|           0.119293|         1.236207
14   |*genblk1_10_FA|            0.242863|             0.873894|           0.119293|         1.236050
15   |*genblk1_11_FA|            0.242863|             0.873913|           0.119293|         1.236069
16   |*genblk1_12_FA|            0.242864|             0.873757|           0.119293|         1.235914
17   |*genblk1_13_FA|            0.242863|             0.874205|           0.119293|         1.236360
18   |*genblk1_14_FA|            0.242863|             0.874049|           0.119293|         1.236205
19   |*genblk1_15_FA|            0.242863|             0.874205|           0.119293|         1.236360
20   |*genblk1_16_FA|            0.242863|             0.874049|           0.119293|         1.236205
21   |*genblk1_17_FA|            0.242862|             0.874595|           0.119293|         1.236749
22   |*genblk1_18_FA|            0.242862|             0.874439|           0.119293|         1.236594
23   |*genblk1_19_FA|            0.242862|             0.874458|           0.119293|         1.236613
24   |*genblk1_20_FA|            0.242863|             0.874303|           0.119293|         1.236458
25   |*genblk1_21_FA|            0.242862|             0.874750|           0.119293|         1.236905
26   |*genblk1_22_FA|            0.242862|             0.874595|           0.119293|         1.236749
27   |*genblk1_23_FA|            0.242862|             0.874750|           0.119293|         1.236905
28   |*genblk1_24_FA|            0.242862|             0.874595|           0.119293|         1.236749
29   |*genblk1_25_FA|            0.242861|             0.875140|           0.119293|         1.237293
30   |*genblk1_26_FA|            0.242861|             0.874984|           0.119293|         1.237138
31   |*genblk1_27_FA|            0.242861|             0.875004|           0.119293|         1.237157
32   |*genblk1_28_FA|            0.242861|             0.874848|           0.119293|         1.237002
33   |*genblk1_29_FA|            0.240113|             0.992545|           0.119293|         1.351951
34   |*genblk1_30_FA|            0.238849|             1.141129|           0.119293|         1.499271
35   |*genblk1_31_FA|            0.155241|             0.291056|           0.072327|         0.518624
36   |              |                    |                     |                   |                 
37   |*TOTAL        |            7.822492|            28.069284|           3.862325|        39.754101
-----+--------------+--------------------+---------------------+-------------------+-----------------
