Report for group default
Report for group I2R
Report for group I2O
--------------------------------------------------------------------------------------------------------------------------------------
Startpoint: Cin
    (Clocked by vsysclk R)
Endpoint: of
    (Clocked by vsysclk R)
Path Group: I2O
Data required time: 19500.0
    (Clock shift: 20000.0, minus Uncertainty: 0.0, plus Latency 0.0, minus Out delay: 500.0)
Data arrival time: 2759.7
Slack: 16740.3
Logic depth: 34
--------------------------------------------------------------------------------------------------------------------------------------
                                                     Arrival               Arc      Net               Net    Total   fan-             
Path                     Module/Cell           Edge     Time    Delay    Delay    Delay     Slew     Load     Load    out     Location
                                                        (ps)     (ps)     (ps)     (ps)     (ps)     (ff)     (ff)    (#)      (um,um)
--------------------------------------------------------------------------------------------------------------------------------------
Cin                      {set_input_delay}        r   1000.0   1000.0   1000.0                        4.8      8.5      1     0,   37 
i_0_0/i_0/A->CO          FA_X1                   rr   1047.7     47.7     47.3      0.4      0.0      0.8      3.6      1    37,   37 
i_0_0/i_1/CI->CO         FA_X1                   rr   1097.4     49.7     49.7      0.0     14.6      0.8      3.6      1    37,   37 
i_0_0/i_2/CI->CO         FA_X1                   rr   1147.1     49.7     49.7      0.0     14.6      0.8      3.6      1    37,   37 
i_0_0/i_3/CI->CO         FA_X1                   rr   1196.8     49.7     49.7      0.0     14.6      0.8      3.6      1    37,   37 
i_0_0/i_4/CI->CO         FA_X1                   rr   1246.5     49.7     49.7      0.0     14.6      0.8      3.6      1    37,   37 
i_0_0/i_5/CI->CO         FA_X1                   rr   1296.2     49.7     49.7      0.0     14.6      0.8      3.6      1    37,   37 
i_0_0/i_6/CI->CO         FA_X1                   rr   1345.9     49.7     49.7      0.0     14.6      0.8      3.6      1    37,   37 
i_0_0/i_7/CI->CO         FA_X1                   rr   1395.6     49.7     49.7      0.0     14.6      0.8      3.6      1    37,   37 
i_0_0/i_8/CI->CO         FA_X1                   rr   1445.3     49.7     49.7      0.0     14.6      0.8      3.6      1    37,   37 
i_0_0/i_9/CI->CO         FA_X1                   rr   1495.0     49.7     49.7      0.0     14.6      0.8      3.6      1    37,   37 
i_0_0/i_10/CI->CO        FA_X1                   rr   1544.7     49.7     49.7      0.0     14.6      0.8      3.6      1    37,   37 
i_0_0/i_11/CI->CO        FA_X1                   rr   1594.4     49.7     49.7      0.0     14.6      0.8      3.6      1    37,   37 
i_0_0/i_12/CI->CO        FA_X1                   rr   1644.1     49.7     49.7      0.0     14.6      0.8      3.6      1    37,   37 
i_0_0/i_13/CI->CO        FA_X1                   rr   1693.8     49.7     49.7      0.0     14.6      0.8      3.6      1    37,   37 
i_0_0/i_14/CI->CO        FA_X1                   rr   1743.5     49.7     49.7      0.0     14.6      0.8      3.6      1    37,   37 
i_0_0/i_15/CI->CO        FA_X1                   rr   1793.2     49.7     49.7      0.0     14.6      0.8      3.6      1    37,   37 
i_0_0/i_16/CI->CO        FA_X1                   rr   1842.9     49.7     49.7      0.0     14.6      0.8      3.6      1    37,   37 
i_0_0/i_17/CI->CO        FA_X1                   rr   1892.6     49.7     49.7      0.0     14.6      0.8      3.6      1    37,   37 
i_0_0/i_18/CI->CO        FA_X1                   rr   1942.3     49.7     49.7      0.0     14.6      0.8      3.6      1    37,   37 
i_0_0/i_19/CI->CO        FA_X1                   rr   1992.0     49.7     49.7      0.0     14.6      0.8      3.6      1    37,   37 
i_0_0/i_20/CI->CO        FA_X1                   rr   2041.7     49.7     49.7      0.0     14.6      0.8      3.6      1    37,   37 
i_0_0/i_21/CI->CO        FA_X1                   rr   2091.4     49.7     49.7      0.0     14.6      0.8      3.6      1    37,   37 
i_0_0/i_22/CI->CO        FA_X1                   rr   2141.1     49.7     49.7      0.0     14.6      0.8      3.6      1    37,   37 
i_0_0/i_23/CI->CO        FA_X1                   rr   2190.8     49.7     49.7      0.0     14.6      0.8      3.6      1    37,   37 
i_0_0/i_24/CI->CO        FA_X1                   rr   2240.5     49.7     49.7      0.0     14.6      0.8      3.6      1    37,   37 
i_0_0/i_25/CI->CO        FA_X1                   rr   2290.2     49.7     49.7      0.0     14.6      0.8      3.6      1    37,   37 
i_0_0/i_26/CI->CO        FA_X1                   rr   2339.9     49.7     49.7      0.0     14.6      0.8      3.6      1    37,   37 
i_0_0/i_27/CI->CO        FA_X1                   rr   2389.6     49.7     49.7      0.0     14.6      0.8      3.6      1    37,   37 
i_0_0/i_28/CI->CO        FA_X1                   rr   2439.3     49.7     49.7      0.0     14.6      0.8      3.6      1    37,   37 
i_0_0/i_29/CI->CO        FA_X1                   rr   2489.0     49.7     49.7      0.0     14.6      0.8      3.6      1    37,   37 
i_0_0/i_30/CI->CO        FA_X1                   rr   2538.7     49.7     49.7      0.0     14.6      0.8      3.6      1    37,   37 
i_0_0/i_31/CI->S         FA_X1                   rf   2660.6    121.9    121.9      0.0     14.6      0.7     19.5      2    37,   37 
i_0_1_1/B->Z             XOR2_X2                 ff   2726.6     66.0     66.0      0.0     33.2      0.6      2.7      1    37,   37 
i_0_1_2/A1->ZN           AND2_X4                 ff   2759.2     32.6     32.6      0.0     11.7      5.1     15.1      1    37,   37 
of                                                f   2759.7      0.5               0.5      8.3                             40,    0 
--------------------------------------------------------------------------------------------------------------------------------------
Report for group R2O
