Report Instance Areas: 
-----+-----------------+---------------+-----+---------
     |Instance         |Module         |Cells|Cell Area
-----+-----------------+---------------+-----+---------
1    |top              |               |  207|      258
2    |  rippleCarry    |rca32          |  163|      191
3    |    fa0          |fulladder__1_2 |    5|        6
4    |    genblk1_1_fa |fulladder__1_5 |    5|        6
5    |    genblk1_2_fa |fulladder__1_8 |    5|        6
6    |    genblk1_3_fa |fulladder__1_11|    5|        6
7    |    genblk1_4_fa |fulladder__1_14|    5|        6
8    |    genblk1_5_fa |fulladder__1_17|    5|        6
9    |    genblk1_6_fa |fulladder__1_20|    5|        6
10   |    genblk1_7_fa |fulladder__1_23|    5|        6
11   |    genblk1_8_fa |fulladder__1_26|    5|        6
12   |    genblk1_9_fa |fulladder__1_29|    5|        6
13   |    genblk1_10_fa|fulladder__1_32|    5|        6
14   |    genblk1_11_fa|fulladder__1_35|    5|        6
15   |    genblk1_12_fa|fulladder__1_38|    5|        6
16   |    genblk1_13_fa|fulladder__1_41|    5|        6
17   |    genblk1_14_fa|fulladder__1_44|    5|        6
18   |    genblk1_15_fa|fulladder__1_47|    5|        6
19   |    genblk1_16_fa|fulladder__1_50|    5|        6
20   |    genblk1_17_fa|fulladder__1_53|    5|        6
21   |    genblk1_18_fa|fulladder__1_56|    5|        6
22   |    genblk1_19_fa|fulladder__1_59|    5|        6
23   |    genblk1_20_fa|fulladder__1_62|    5|        6
24   |    genblk1_21_fa|fulladder__1_65|    5|        6
25   |    genblk1_22_fa|fulladder__1_68|    5|        6
26   |    genblk1_23_fa|fulladder__1_71|    5|        6
27   |    genblk1_24_fa|fulladder__1_74|    5|        6
28   |    genblk1_25_fa|fulladder__1_77|    5|        6
29   |    genblk1_26_fa|fulladder__1_80|    5|        6
30   |    genblk1_27_fa|fulladder__1_83|    5|        6
31   |    genblk1_28_fa|fulladder__1_86|    5|        6
32   |    genblk1_29_fa|fulladder__1_89|    5|        6
33   |    genblk1_30_fa|fulladder__1_92|    5|        6
34   |    genblk1_31_fa|fulladder      |    5|        6
-----+-----------------+---------------+-----+---------
