Report Physical info: 
------------------------+-------------+-----------+------------
                        |             |Area (squm)|Leakage (uW)
------------------------+-------------+-----------+------------
Design Name             |CLA_adder    |           |            
  Total Instances       |          130|        164|       3.867
    Macros              |            0|          0|       0.000
    Pads                |            0|          0|       0.000
    Phys                |            0|          0|       0.000
    Blackboxes          |            0|          0|       0.000
    Cells               |          130|        164|       3.867
      Buffers           |            0|          0|       0.000
      Inverters         |           31|         16|       0.445
      Clock-Gates       |            0|          0|       0.000
      Combinational     |           99|        147|       3.422
      Latches           |            0|          0|       0.000
      FlipFlops         |            0|          0|       0.000
       Single-Bit FF    |            0|          0|       0.000
       Multi-Bit FF     |            0|          0|       0.000
       Clock-Gated      |            0|           |            
       Bits             |            0|          0|       0.000
         Load-Enabled   |            0|           |            
         Clock-Gated    |            0|           |            
  Tristate Pin Count    |            0|           |            
Physical Info           |Placed       |           |            
  Chip Size (mm x mm)   |0.077 x 0.077|       5856|            
  Fixed Cell Area       |             |          0|            
    Phys Only           |            0|          0|            
  Placeable Area        |             |        252|            
  Movable Cell Area     |             |        164|            
  Utilization (%)       |           65|           |            
  Chip Utilization (%)  |           65|           |            
  Total Wire Length (mm)|        3.951|           |            
  Longest Wire (mm)     |        0.042|           |            
  Average Wire (mm)     |        0.040|           |            
------------------------+-------------+-----------+------------
