Report Power (instances with prefix '*' are included in total) : 
-----+----------+--------------------+---------------------+-------------------+-----------------
     | Instance | Internal Power(uw) | Switching Power(uw) | Leakage Power(uw) | Total Power(uw) 
-----+----------+--------------------+---------------------+-------------------+-----------------
1    |*i_0_0_0  |            0.047460|             0.157174|           0.025066|         0.229700
2    |*i_0_0_1  |            0.073477|             0.043183|           0.036441|         0.153101
3    |*i_0_0_2  |            0.075583|             0.229942|           0.036164|         0.341689
4    |*i_0_0_3  |            0.075274|             0.229787|           0.036441|         0.341502
5    |*i_0_0_4  |            0.075916|             0.230750|           0.036441|         0.343107
6    |*i_0_0_5  |            0.076165|             0.230595|           0.036441|         0.343200
7    |*i_0_0_6  |            0.076258|             0.230750|           0.036441|         0.343449
8    |*i_0_0_7  |            0.076294|             0.230595|           0.036441|         0.343330
9    |*i_0_0_8  |            0.076307|             0.230624|           0.036441|         0.343372
10   |*i_0_0_9  |            0.076313|             0.230468|           0.036441|         0.343222
11   |*i_0_0_10 |            0.076315|             0.230488|           0.036441|         0.343244
12   |*i_0_0_11 |            0.076317|             0.230332|           0.036441|         0.343090
13   |*i_0_0_12 |            0.076311|             0.231296|           0.036441|         0.344047
14   |*i_0_0_13 |            0.076312|             0.231140|           0.036441|         0.343893
15   |*i_0_0_14 |            0.076311|             0.231296|           0.036441|         0.344047
16   |*i_0_0_15 |            0.076312|             0.231140|           0.036441|         0.343893
17   |*i_0_0_16 |            0.076312|             0.231169|           0.036441|         0.343922
18   |*i_0_0_17 |            0.076313|             0.231013|           0.036441|         0.343767
19   |*i_0_0_18 |            0.076313|             0.231033|           0.036441|         0.343787
20   |*i_0_0_19 |            0.076314|             0.230877|           0.036441|         0.343632
21   |*i_0_0_20 |            0.076307|             0.231841|           0.036441|         0.344589
22   |*i_0_0_21 |            0.076308|             0.231685|           0.036441|         0.344434
23   |*i_0_0_22 |            0.076307|             0.231841|           0.036441|         0.344589
24   |*i_0_0_23 |            0.076308|             0.231685|           0.036441|         0.344434
25   |*i_0_0_24 |            0.076308|             0.231715|           0.036441|         0.344464
26   |*i_0_0_25 |            0.076309|             0.231559|           0.036441|         0.344309
27   |*i_0_0_26 |            0.076309|             0.231578|           0.036441|         0.344328
28   |*i_0_0_27 |            0.076310|             0.231422|           0.036441|         0.344173
29   |*i_0_0_28 |            0.076304|             0.232386|           0.036441|         0.345131
30   |*i_0_0_29 |            0.076305|             0.232231|           0.036441|         0.344976
31   |*i_0_0_30 |            0.076304|             0.232386|           0.036441|         0.345131
32   |*i_0_0_31 |            0.076305|             0.232231|           0.036441|         0.344976
33   |*i_0_0_32 |            0.076304|             0.232260|           0.036441|         0.345005
34   |*i_0_0_33 |            0.023745|             0.231959|           0.014353|         0.270058
35   |*i_0_0_34 |            0.073400|             0.458329|           0.036441|         0.568169
36   |*i_0_0_35 |            0.045017|             0.225994|           0.022619|         0.293631
37   |*i_0_0_36 |            0.045874|             0.175730|           0.022619|         0.244224
38   |*i_0_0_37 |            0.053212|             0.124700|           0.032612|         0.210523
39   |*i_0_0_38 |            0.076108|             0.139145|           0.036164|         0.251417
40   |*i_0_0_39 |            0.022707|             0.066055|           0.014353|         0.103115
41   |*i_0_0_40 |            0.053883|             0.434419|           0.032612|         0.520914
42   |*i_0_0_41 |            0.076108|             0.139145|           0.036164|         0.251417
43   |*i_0_0_42 |            0.022707|             0.066055|           0.014353|         0.103115
44   |*i_0_0_43 |            0.053883|             0.434419|           0.032612|         0.520914
45   |*i_0_0_44 |            0.076108|             0.139145|           0.036164|         0.251417
46   |*i_0_0_45 |            0.022707|             0.066055|           0.014353|         0.103115
47   |*i_0_0_46 |            0.053883|             0.434419|           0.032612|         0.520914
48   |*i_0_0_47 |            0.076108|             0.139145|           0.036164|         0.251417
49   |*i_0_0_48 |            0.022707|             0.066055|           0.014353|         0.103115
50   |*i_0_0_49 |            0.053883|             0.434419|           0.032612|         0.520914
51   |*i_0_0_50 |            0.076108|             0.139145|           0.036164|         0.251417
52   |*i_0_0_51 |            0.022707|             0.066055|           0.014353|         0.103115
53   |*i_0_0_52 |            0.053883|             0.434419|           0.032612|         0.520914
54   |*i_0_0_53 |            0.076108|             0.139145|           0.036164|         0.251417
55   |*i_0_0_54 |            0.022707|             0.066055|           0.014353|         0.103115
56   |*i_0_0_55 |            0.053883|             0.434419|           0.032612|         0.520914
57   |*i_0_0_56 |            0.076108|             0.139145|           0.036164|         0.251417
58   |*i_0_0_57 |            0.022707|             0.066055|           0.014353|         0.103115
59   |*i_0_0_58 |            0.053883|             0.434419|           0.032612|         0.520914
60   |*i_0_0_59 |            0.076108|             0.139145|           0.036164|         0.251417
61   |*i_0_0_60 |            0.022707|             0.066055|           0.014353|         0.103115
62   |*i_0_0_61 |            0.053883|             0.434419|           0.032612|         0.520914
63   |*i_0_0_62 |            0.076108|             0.139145|           0.036164|         0.251417
64   |*i_0_0_63 |            0.022707|             0.066055|           0.014353|         0.103115
65   |*i_0_0_64 |            0.053883|             0.434419|           0.032612|         0.520914
66   |*i_0_0_65 |            0.076108|             0.139145|           0.036164|         0.251417
67   |*i_0_0_66 |            0.022707|             0.066055|           0.014353|         0.103115
68   |*i_0_0_67 |            0.053883|             0.434419|           0.032612|         0.520914
69   |*i_0_0_68 |            0.076108|             0.139145|           0.036164|         0.251417
70   |*i_0_0_69 |            0.022707|             0.066055|           0.014353|         0.103115
71   |*i_0_0_70 |            0.053883|             0.434419|           0.032612|         0.520914
72   |*i_0_0_71 |            0.076108|             0.139145|           0.036164|         0.251417
73   |*i_0_0_72 |            0.022707|             0.066055|           0.014353|         0.103115
74   |*i_0_0_73 |            0.053883|             0.434419|           0.032612|         0.520914
75   |*i_0_0_74 |            0.076108|             0.139145|           0.036164|         0.251417
76   |*i_0_0_75 |            0.022707|             0.066055|           0.014353|         0.103115
77   |*i_0_0_76 |            0.053883|             0.434419|           0.032612|         0.520914
78   |*i_0_0_77 |            0.076108|             0.139145|           0.036164|         0.251417
79   |*i_0_0_78 |            0.022707|             0.066055|           0.014353|         0.103115
80   |*i_0_0_79 |            0.053883|             0.434419|           0.032612|         0.520914
81   |*i_0_0_80 |            0.076108|             0.139145|           0.036164|         0.251417
82   |*i_0_0_81 |            0.022707|             0.066055|           0.014353|         0.103115
83   |*i_0_0_82 |            0.053883|             0.434419|           0.032612|         0.520914
84   |*i_0_0_83 |            0.076108|             0.139145|           0.036164|         0.251417
85   |*i_0_0_84 |            0.022707|             0.066055|           0.014353|         0.103115
86   |*i_0_0_85 |            0.053883|             0.434419|           0.032612|         0.520914
87   |*i_0_0_86 |            0.076108|             0.139145|           0.036164|         0.251417
88   |*i_0_0_87 |            0.022707|             0.066055|           0.014353|         0.103115
89   |*i_0_0_88 |            0.053883|             0.434419|           0.032612|         0.520914
90   |*i_0_0_89 |            0.076108|             0.139145|           0.036164|         0.251417
91   |*i_0_0_90 |            0.022707|             0.066055|           0.014353|         0.103115
92   |*i_0_0_91 |            0.053883|             0.434419|           0.032612|         0.520914
93   |*i_0_0_92 |            0.076108|             0.139145|           0.036164|         0.251417
94   |*i_0_0_93 |            0.022707|             0.066055|           0.014353|         0.103115
95   |*i_0_0_94 |            0.053883|             0.434419|           0.032612|         0.520914
96   |*i_0_0_95 |            0.076108|             0.139145|           0.036164|         0.251417
97   |*i_0_0_96 |            0.022707|             0.066055|           0.014353|         0.103115
98   |*i_0_0_97 |            0.053883|             0.434420|           0.032612|         0.520915
99   |*i_0_0_98 |            0.076108|             0.139145|           0.036164|         0.251417
100  |*i_0_0_99 |            0.022707|             0.066055|           0.014353|         0.103116
101  |*i_0_0_100|            0.053884|             0.434421|           0.032612|         0.520916
102  |*i_0_0_101|            0.076108|             0.139145|           0.036164|         0.251417
103  |*i_0_0_102|            0.022707|             0.066056|           0.014353|         0.103116
104  |*i_0_0_103|            0.053884|             0.434424|           0.032612|         0.520921
105  |*i_0_0_104|            0.076108|             0.139145|           0.036164|         0.251417
106  |*i_0_0_105|            0.022708|             0.066057|           0.014353|         0.103118
107  |*i_0_0_106|            0.053887|             0.434433|           0.032612|         0.520932
108  |*i_0_0_107|            0.076108|             0.139145|           0.036164|         0.251417
109  |*i_0_0_108|            0.022709|             0.066061|           0.014353|         0.103123
110  |*i_0_0_109|            0.053894|             0.434456|           0.032612|         0.520962
111  |*i_0_0_110|            0.076108|             0.139145|           0.036164|         0.251417
112  |*i_0_0_111|            0.022712|             0.066070|           0.014353|         0.103136
113  |*i_0_0_112|            0.053911|             0.434519|           0.032612|         0.521042
114  |*i_0_0_113|            0.076108|             0.139145|           0.036164|         0.251417
115  |*i_0_0_114|            0.022721|             0.066096|           0.014353|         0.103170
116  |*i_0_0_115|            0.053958|             0.434686|           0.032612|         0.521256
117  |*i_0_0_116|            0.076108|             0.139145|           0.036164|         0.251417
118  |*i_0_0_117|            0.022744|             0.066163|           0.014353|         0.103260
119  |*i_0_0_118|            0.054083|             0.435128|           0.032612|         0.521822
120  |*i_0_0_119|            0.076108|             0.139145|           0.036164|         0.251417
121  |*i_0_0_120|            0.022804|             0.066338|           0.014353|         0.103495
122  |*i_0_0_121|            0.054410|             0.436277|           0.032612|         0.523299
123  |*i_0_0_122|            0.076108|             0.139145|           0.036164|         0.251417
124  |*i_0_0_123|            0.022954|             0.066775|           0.014353|         0.104082
125  |*i_0_0_124|            0.055248|             0.439152|           0.032612|         0.527012
126  |*i_0_0_125|            0.076108|             0.139145|           0.036164|         0.251417
127  |*i_0_0_126|            0.023284|             0.067732|           0.014353|         0.105369
128  |*i_0_0_127|            0.057551|             0.445449|           0.032612|         0.535612
129  |*i_0_0_128|            0.076105|             0.135345|           0.036164|         0.247614
130  |*i_0_0_129|            0.027048|             0.104857|           0.017393|         0.149298
131  |          |                    |                     |                   |                 
132  |*TOTAL    |            7.416365|            28.035570|           3.866971|        39.318909
-----+----------+--------------------+---------------------+-------------------+-----------------
