Report End Points: 
-----+-------+------+-------+-----+-----+-----+-----+-----------+---------
     |Group  |Launch|Capture|Shift|Delay|Depth|Slack|Begin Point|End Point
-----+-------+------+-------+-----+-----+-----+-----+-----------+---------
1    |default|      |       |     |     |     |     |           |         
-----+-------+------+-------+-----+-----+-----+-----+-----------+---------
Report End Points: 
-----+-----+------+-------+-----+-----+-----+-----+-----------+---------
     |Group|Launch|Capture|Shift|Delay|Depth|Slack|Begin Point|End Point
-----+-----+------+-------+-----+-----+-----+-----+-----------+---------
1    |I2R  |      |       |     |     |     |     |           |         
-----+-----+------+-------+-----+-----+-----+-----+-----------+---------
Report End Points: 
-----+-----+-------+-------+-------+------+-----+-------+-----------+---------
     |Group|Launch |Capture|Shift  |Delay |Depth|Slack  |Begin Point|End Point
-----+-----+-------+-------+-------+------+-----+-------+-----------+---------
1    |I2O  |vsysclk|vsysclk|20000.0|1262.8|   65|17237.2|T[0]       |OF       
2    |I2O  |vsysclk|vsysclk|20000.0|1251.9|   64|17248.1|T[0]       |sum[31]  
3    |I2O  |vsysclk|vsysclk|20000.0|1207.7|   62|17292.3|T[0]       |sum[30]  
4    |I2O  |vsysclk|vsysclk|20000.0|1170.0|   60|17330.0|T[0]       |sum[29]  
5    |I2O  |vsysclk|vsysclk|20000.0|1132.3|   58|17367.7|T[0]       |sum[28]  
6    |I2O  |vsysclk|vsysclk|20000.0|1094.6|   56|17405.4|T[0]       |sum[27]  
7    |I2O  |vsysclk|vsysclk|20000.0|1056.9|   54|17443.1|T[0]       |sum[26]  
8    |I2O  |vsysclk|vsysclk|20000.0|1019.2|   52|17480.8|T[0]       |sum[25]  
9    |I2O  |vsysclk|vsysclk|20000.0| 981.3|   50|17518.7|T[0]       |sum[24]  
10   |I2O  |vsysclk|vsysclk|20000.0| 943.6|   48|17556.4|T[0]       |sum[23]  
11   |I2O  |vsysclk|vsysclk|20000.0| 906.0|   46|17594.0|T[0]       |sum[22]  
12   |I2O  |vsysclk|vsysclk|20000.0| 868.2|   44|17631.8|T[0]       |sum[21]  
13   |I2O  |vsysclk|vsysclk|20000.0| 830.6|   42|17669.4|T[0]       |sum[20]  
14   |I2O  |vsysclk|vsysclk|20000.0| 792.9|   40|17707.1|T[0]       |sum[19]  
15   |I2O  |vsysclk|vsysclk|20000.0| 755.1|   38|17744.9|T[0]       |sum[18]  
16   |I2O  |vsysclk|vsysclk|20000.0| 717.4|   36|17782.6|T[0]       |sum[17]  
17   |I2O  |vsysclk|vsysclk|20000.0| 679.7|   34|17820.3|T[0]       |sum[16]  
18   |I2O  |vsysclk|vsysclk|20000.0| 642.0|   32|17858.0|T[0]       |sum[15]  
19   |I2O  |vsysclk|vsysclk|20000.0| 604.3|   30|17895.7|T[0]       |sum[14]  
20   |I2O  |vsysclk|vsysclk|20000.0| 566.6|   28|17933.4|T[0]       |sum[13]  
21   |I2O  |vsysclk|vsysclk|20000.0| 528.9|   26|17971.1|T[0]       |sum[12]  
22   |I2O  |vsysclk|vsysclk|20000.0| 491.2|   24|18008.8|T[0]       |sum[11]  
23   |I2O  |vsysclk|vsysclk|20000.0| 453.5|   22|18046.5|T[0]       |sum[10]  
24   |I2O  |vsysclk|vsysclk|20000.0| 415.8|   20|18084.2|T[0]       |sum[9]   
25   |I2O  |vsysclk|vsysclk|20000.0| 378.1|   18|18121.9|T[0]       |sum[8]   
26   |I2O  |vsysclk|vsysclk|20000.0| 340.4|   16|18159.6|T[0]       |sum[7]   
27   |I2O  |vsysclk|vsysclk|20000.0| 302.7|   14|18197.3|T[0]       |sum[6]   
28   |I2O  |vsysclk|vsysclk|20000.0| 265.0|   12|18235.0|T[0]       |sum[5]   
29   |I2O  |vsysclk|vsysclk|20000.0| 239.3|    5|18260.7|T[30]      |Cout     
30   |I2O  |vsysclk|vsysclk|20000.0| 227.3|   10|18272.7|T[0]       |sum[4]   
31   |I2O  |vsysclk|vsysclk|20000.0| 189.6|    8|18310.4|T[0]       |sum[3]   
32   |I2O  |vsysclk|vsysclk|20000.0| 151.9|    6|18348.1|T[0]       |sum[2]   
33   |I2O  |vsysclk|vsysclk|20000.0| 114.2|    4|18385.8|T[0]       |sum[1]   
34   |I2O  |vsysclk|vsysclk|20000.0|  73.4|    2|18426.6|R[0]       |sum[0]   
-----+-----+-------+-------+-------+------+-----+-------+-----------+---------
Report End Points: 
-----+-----+------+-------+-----+-----+-----+-----+-----------+---------
     |Group|Launch|Capture|Shift|Delay|Depth|Slack|Begin Point|End Point
-----+-----+------+-------+-----+-----+-----+-----+-----------+---------
1    |R2O  |      |       |     |     |     |     |           |         
-----+-----+------+-------+-----+-----+-----+-----+-----------+---------
