Report Power (instances with prefix '*' are included in total) : 
-----+------------+--------------------+---------------------+-------------------+-----------------
     | Instance   | Internal Power(uw) | Switching Power(uw) | Leakage Power(uw) | Total Power(uw) 
-----+------------+--------------------+---------------------+-------------------+-----------------
1    |*rippleCarry|            8.377619|            19.893454|           4.261151|        32.532223
2    |*i_0_0_0    |            0.079581|             0.230505|           0.035928|         0.346014
3    |*i_0_0_1    |            0.000000|             0.000000|           0.017393|         0.017393
4    |*i_0_0_2    |            0.000003|             0.000004|           0.032601|         0.032609
5    |*i_0_0_3    |            0.013921|             0.016525|           0.018127|         0.048573
6    |*i_0_0_4    |            0.076190|             0.069722|           0.036164|         0.182076
7    |*i_0_0_5    |            0.076197|             0.068118|           0.036164|         0.180479
8    |*i_0_0_6    |            0.076202|             0.066960|           0.036164|         0.179326
9    |*i_0_0_7    |            0.076209|             0.065326|           0.036164|         0.177699
10   |*i_0_0_8    |            0.013922|             0.016675|           0.018127|         0.048724
11   |*i_0_0_9    |            0.076190|             0.069722|           0.036164|         0.182076
12   |*i_0_0_10   |            0.076197|             0.068118|           0.036164|         0.180479
13   |*i_0_0_11   |            0.076202|             0.066960|           0.036164|         0.179326
14   |*i_0_0_12   |            0.076209|             0.065326|           0.036164|         0.177699
15   |*i_0_0_13   |            0.013924|             0.016951|           0.018127|         0.049002
16   |*i_0_0_14   |            0.076190|             0.069722|           0.036164|         0.182076
17   |*i_0_0_15   |            0.076197|             0.068118|           0.036164|         0.180479
18   |*i_0_0_16   |            0.076202|             0.066960|           0.036164|         0.179326
19   |*i_0_0_17   |            0.076209|             0.065326|           0.036164|         0.177699
20   |*i_0_0_18   |            0.013930|             0.017719|           0.018127|         0.049775
21   |*i_0_0_19   |            0.076190|             0.069722|           0.036164|         0.182076
22   |*i_0_0_20   |            0.076197|             0.068118|           0.036164|         0.180479
23   |*i_0_0_21   |            0.076202|             0.066960|           0.036164|         0.179326
24   |*i_0_0_22   |            0.076209|             0.065326|           0.036164|         0.177699
25   |*i_0_0_23   |            0.000003|             0.000004|           0.032601|         0.032609
26   |*i_0_0_24   |            0.013921|             0.016525|           0.018127|         0.048573
27   |*i_0_0_25   |            0.076190|             0.069722|           0.036164|         0.182076
28   |*i_0_0_26   |            0.076197|             0.068118|           0.036164|         0.180479
29   |*i_0_0_27   |            0.076202|             0.066960|           0.036164|         0.179326
30   |*i_0_0_28   |            0.076209|             0.065326|           0.036164|         0.177699
31   |*i_0_0_29   |            0.013922|             0.016675|           0.018127|         0.048724
32   |*i_0_0_30   |            0.076190|             0.069722|           0.036164|         0.182076
33   |*i_0_0_31   |            0.076197|             0.068118|           0.036164|         0.180479
34   |*i_0_0_32   |            0.076202|             0.066960|           0.036164|         0.179326
35   |*i_0_0_33   |            0.076209|             0.065326|           0.036164|         0.177699
36   |*i_0_0_34   |            0.013924|             0.016951|           0.018127|         0.049002
37   |*i_0_0_35   |            0.076190|             0.069722|           0.036164|         0.182076
38   |*i_0_0_36   |            0.076197|             0.068118|           0.036164|         0.180479
39   |*i_0_0_37   |            0.076202|             0.066960|           0.036164|         0.179326
40   |*i_0_0_38   |            0.076209|             0.065326|           0.036164|         0.177699
41   |*i_0_0_39   |            0.013930|             0.017719|           0.018127|         0.049775
42   |*i_0_0_40   |            0.076190|             0.069722|           0.036164|         0.182076
43   |*i_0_0_41   |            0.076197|             0.068118|           0.036164|         0.180479
44   |*i_0_0_42   |            0.076202|             0.066960|           0.036164|         0.179326
45   |*i_0_0_43   |            0.076209|             0.065326|           0.036164|         0.177699
46   |            |                    |                     |                   |                 
47   |*TOTAL      |           11.006984|            22.420706|           5.681924|        39.109615
-----+------------+--------------------+---------------------+-------------------+-----------------
