Report Physical info: 
------------------------+-------------------+-----------+------------
                        |                   |Area (squm)|Leakage (uW)
------------------------+-------------------+-----------+------------
Design Name             |CarryIncrementAdder|           |            
  Total Instances       |                158|        203|       4.756
    Macros              |                  0|          0|       0.000
    Pads                |                  0|          0|       0.000
    Phys                |                  0|          0|       0.000
    Blackboxes          |                  0|          0|       0.000
    Cells               |                158|        203|       4.756
      Buffers           |                  0|          0|       0.000
      Inverters         |                 30|         16|       0.431
      Clock-Gates       |                  0|          0|       0.000
      Combinational     |                128|        187|       4.325
      Latches           |                  0|          0|       0.000
      FlipFlops         |                  0|          0|       0.000
       Single-Bit FF    |                  0|          0|       0.000
       Multi-Bit FF     |                  0|          0|       0.000
       Clock-Gated      |                  0|           |            
       Bits             |                  0|          0|       0.000
         Load-Enabled   |                  0|           |            
         Clock-Gated    |                  0|           |            
  Tristate Pin Count    |                  0|           |            
Physical Info           |Placed             |           |            
  Chip Size (mm x mm)   |0.078 x 0.078      |       6143|            
  Fixed Cell Area       |                   |          0|            
    Phys Only           |                  0|          0|            
  Placeable Area        |                   |        332|            
  Movable Cell Area     |                   |        203|            
  Utilization (%)       |                 61|           |            
  Chip Utilization (%)  |                 61|           |            
  Total Wire Length (mm)|              4.043|           |            
  Longest Wire (mm)     |              0.043|           |            
  Average Wire (mm)     |              0.041|           |            
------------------------+-------------------+-----------+------------
