Report Power (instances with prefix '*' are included in total) : 
-----+-------------------+--------------------+---------------------+-------------------+-----------------
     | Instance          | Internal Power(uw) | Switching Power(uw) | Leakage Power(uw) | Total Power(uw) 
-----+-------------------+--------------------+---------------------+-------------------+-----------------
1    |*A1                |         1095.692505|          4059.102295|          36.531925|      5191.326172
2    |*adder_b_in_reg[31]|            1.831860|             2.522826|           0.040863|         4.395549
3    |*adder_b_in_reg[30]|            1.910126|            12.209130|           0.040863|        14.160119
4    |*adder_b_in_reg[29]|            1.901167|             9.194002|           0.040863|        11.136032
5    |*adder_b_in_reg[28]|            1.905541|            10.666080|           0.040863|        12.612484
6    |*adder_b_in_reg[27]|            1.914439|            13.660633|           0.040863|        15.615935
7    |*adder_b_in_reg[26]|            1.905588|            10.682075|           0.040863|        12.628526
8    |*adder_b_in_reg[25]|            1.905635|            10.697913|           0.040863|        12.644411
9    |*adder_b_in_reg[24]|            1.909941|            12.146823|           0.040863|        14.097627
10   |*adder_b_in_reg[23]|            1.901586|             9.335199|           0.040863|        11.277648
11   |*adder_b_in_reg[22]|            1.929977|            18.889914|           0.040863|        20.860756
12   |*adder_b_in_reg[21]|            1.924157|            16.931210|           0.040863|        18.896233
13   |*adder_b_in_reg[20]|            1.924278|            16.971769|           0.040863|        18.936913
14   |*adder_b_in_reg[19]|            1.923892|            16.842157|           0.040863|        18.806913
15   |*adder_b_in_reg[18]|            1.918953|            15.179899|           0.040863|        17.139715
16   |*adder_b_in_reg[17]|            1.918461|            15.014267|           0.040863|        16.973593
17   |*adder_b_in_reg[16]|            1.909874|            12.124474|           0.040863|        14.075211
18   |*adder_b_in_reg[15]|            1.916051|            14.202966|           0.040863|        16.159880
19   |*adder_b_in_reg[14]|            1.917588|            14.720376|           0.040863|        16.678827
20   |*adder_b_in_reg[13]|            1.916196|            14.252137|           0.040863|        16.209196
21   |*adder_b_in_reg[12]|            1.917349|            14.640176|           0.040863|        16.598389
22   |*adder_b_in_reg[11]|            1.917466|            14.679381|           0.040863|        16.637711
23   |*adder_b_in_reg[10]|            1.917142|            14.570307|           0.040863|        16.528313
24   |*adder_b_in_reg[9] |            1.916024|            14.194016|           0.040863|        16.150904
25   |*adder_b_in_reg[8] |            1.916037|            14.198361|           0.040863|        16.155260
26   |*adder_b_in_reg[7] |            1.911570|            12.695094|           0.040863|        14.647527
27   |*adder_b_in_reg[6] |            1.911514|            12.676314|           0.040863|        14.628691
28   |*adder_b_in_reg[5] |            1.912750|            13.092208|           0.040863|        15.045821
29   |*adder_b_in_reg[4] |            1.910128|            12.209723|           0.040863|        14.160714
30   |*adder_b_in_reg[3] |            1.912792|            13.106385|           0.040863|        15.060040
31   |*adder_b_in_reg[2] |            1.912986|            13.171724|           0.040863|        15.125573
32   |*adder_b_in_reg[1] |            1.912984|            13.170923|           0.040863|        15.124770
33   |*adder_b_in_reg[0] |            1.912750|            13.092208|           0.040863|        15.045821
34   |*adder_a_in_reg[31]|            1.840525|             2.765733|           0.040863|         4.647121
35   |*adder_a_in_reg[30]|            1.910495|            12.333283|           0.040863|        14.284641
36   |*adder_a_in_reg[29]|            1.905839|            10.766444|           0.040863|        12.713146
37   |*adder_a_in_reg[28]|            1.901637|             9.352275|           0.040863|        11.294775
38   |*adder_a_in_reg[27]|            1.905908|            10.789734|           0.040863|        12.736505
39   |*adder_a_in_reg[26]|            1.915047|            13.865268|           0.040863|        15.821178
40   |*adder_a_in_reg[25]|            1.906020|            10.827271|           0.040863|        12.774154
41   |*adder_a_in_reg[24]|            1.910401|            12.301884|           0.040863|        14.253148
42   |*adder_a_in_reg[23]|            1.901586|             9.335199|           0.040863|        11.277648
43   |*adder_a_in_reg[22]|            1.918919|            15.168403|           0.040863|        17.128185
44   |*adder_a_in_reg[21]|            1.914633|            13.725887|           0.040863|        15.681383
45   |*adder_a_in_reg[20]|            1.918903|            15.163071|           0.040863|        17.122837
46   |*adder_a_in_reg[19]|            1.918953|            15.179837|           0.040863|        17.139654
47   |*adder_a_in_reg[18]|            1.923353|            16.660585|           0.040863|        18.624802
48   |*adder_a_in_reg[17]|            1.918893|            15.159703|           0.040863|        17.119459
49   |*adder_a_in_reg[16]|            1.912699|            13.075089|           0.040863|        15.028651
50   |*adder_a_in_reg[15]|            1.907593|            11.356786|           0.040863|        13.305242
51   |*adder_a_in_reg[14]|            1.906207|            10.890383|           0.040863|        12.837453
52   |*adder_a_in_reg[13]|            1.906185|            10.882823|           0.040863|        12.829871
53   |*adder_a_in_reg[12]|            1.911996|            12.838597|           0.040863|        14.791456
54   |*adder_a_in_reg[11]|            1.912007|            12.842374|           0.040863|        14.795245
55   |*adder_a_in_reg[10]|            1.910712|            12.406387|           0.040863|        14.357962
56   |*adder_a_in_reg[9] |            1.910382|            12.295394|           0.040863|        14.246639
57   |*adder_a_in_reg[8] |            1.910504|            12.336568|           0.040863|        14.287935
58   |*adder_a_in_reg[7] |            1.906101|            10.854748|           0.040863|        12.801713
59   |*adder_a_in_reg[6] |            1.910525|            12.343481|           0.040863|        14.294869
60   |*adder_a_in_reg[5] |            1.903624|             6.382255|           0.040863|         8.326742
61   |*adder_a_in_reg[4] |            1.907426|            11.300306|           0.040863|        13.248595
62   |*adder_a_in_reg[3] |            1.903236|             6.804949|           0.040863|         8.749049
63   |*adder_a_in_reg[2] |            1.907593|            11.356786|           0.040863|        13.305242
64   |*adder_a_in_reg[1] |            1.903211|             6.832734|           0.040863|         8.776808
65   |*adder_a_in_reg[0] |            1.904580|             5.340432|           0.040863|         7.285875
66   |*i_0_0_0           |            0.044581|             0.181735|           0.025066|         0.251382
67   |*i_0_0_1           |            0.020132|             0.229014|           0.014353|         0.263499
68   |*i_0_0_2           |            0.041565|             0.334246|           0.047399|         0.423210
69   |*i_0_0_3           |            0.023236|             0.264652|           0.014353|         0.302241
70   |*i_0_0_4           |            0.047762|             0.385789|           0.047399|         0.480949
71   |*i_0_0_5           |            0.023244|             0.264597|           0.014353|         0.302195
72   |*i_0_0_6           |            0.047779|             0.385930|           0.047399|         0.481108
73   |*i_0_0_7           |            0.023245|             0.264758|           0.014353|         0.302356
74   |*i_0_0_8           |            0.047780|             0.385944|           0.047399|         0.481122
75   |*i_0_0_9           |            0.023245|             0.264720|           0.014353|         0.302318
76   |*i_0_0_10          |            0.047780|             0.385942|           0.047399|         0.481121
77   |*i_0_0_11          |            0.023249|             0.264613|           0.014353|         0.302215
78   |*i_0_0_12          |            0.047788|             0.386008|           0.047399|         0.481195
79   |*i_0_0_13          |            0.023251|             0.264655|           0.014353|         0.302259
80   |*i_0_0_14          |            0.047792|             0.386042|           0.047399|         0.481232
81   |*i_0_0_15          |            0.023251|             0.265211|           0.014353|         0.302815
82   |*i_0_0_16          |            0.047793|             0.386051|           0.047399|         0.481243
83   |*i_0_0_17          |            0.023251|             0.265043|           0.014353|         0.302648
84   |*i_0_0_18          |            0.047793|             0.386055|           0.047399|         0.481247
85   |*i_0_0_19          |            0.023252|             0.265375|           0.014353|         0.302980
86   |*i_0_0_20          |            0.047795|             0.386069|           0.047399|         0.481263
87   |*i_0_0_21          |            0.023253|             0.265228|           0.014353|         0.302834
88   |*i_0_0_22          |            0.047796|             0.386076|           0.047399|         0.481271
89   |*i_0_0_23          |            0.023253|             0.265382|           0.014353|         0.302987
90   |*i_0_0_24          |            0.047796|             0.386078|           0.047399|         0.481273
91   |*i_0_0_25          |            0.023253|             0.265346|           0.014353|         0.302952
92   |*i_0_0_26          |            0.047797|             0.386082|           0.047399|         0.481277
93   |*i_0_0_27          |            0.023253|             0.265197|           0.014353|         0.302803
94   |*i_0_0_28          |            0.047797|             0.386085|           0.047399|         0.481280
95   |*i_0_0_29          |            0.023253|             0.265215|           0.014353|         0.302821
96   |*i_0_0_30          |            0.047797|             0.386084|           0.047399|         0.481280
97   |*i_0_0_31          |            0.023253|             0.265765|           0.014353|         0.303370
98   |*i_0_0_32          |            0.047797|             0.386083|           0.047399|         0.481279
99   |*i_0_0_33          |            0.023253|             0.265596|           0.014353|         0.303202
100  |*i_0_0_34          |            0.047797|             0.386086|           0.047399|         0.481282
101  |*i_0_0_35          |            0.023253|             0.265923|           0.014353|         0.303529
102  |*i_0_0_36          |            0.047798|             0.386093|           0.047399|         0.481290
103  |*i_0_0_37          |            0.023253|             0.265771|           0.014353|         0.303378
104  |*i_0_0_38          |            0.047798|             0.386093|           0.047399|         0.481290
105  |*i_0_0_39          |            0.023253|             0.265923|           0.014353|         0.303530
106  |*i_0_0_40          |            0.047798|             0.386094|           0.047399|         0.481291
107  |*i_0_0_41          |            0.023255|             0.265902|           0.014353|         0.303510
108  |*i_0_0_42          |            0.047801|             0.386118|           0.047399|         0.481318
109  |*i_0_0_43          |            0.023255|             0.265757|           0.014353|         0.303365
110  |*i_0_0_44          |            0.047802|             0.386127|           0.047399|         0.481328
111  |*i_0_0_45          |            0.023555|             0.269197|           0.014353|         0.307105
112  |*i_0_0_46          |            0.047251|             0.391098|           0.047399|         0.485747
113  |*i_0_0_47          |            0.050922|             0.266850|           0.027858|         0.345630
114  |*i_0_0_48          |            0.054186|             0.068997|           0.034026|         0.157209
115  |*i_0_0_49          |            0.051485|             0.269435|           0.027858|         0.348778
116  |*i_0_0_50          |            0.056001|             0.069702|           0.034026|         0.159730
117  |*i_0_0_51          |            0.050117|             0.263058|           0.027858|         0.341034
118  |*i_0_0_52          |            0.054591|             0.067986|           0.034026|         0.156603
119  |*i_0_0_53          |            0.049948|             0.262079|           0.027858|         0.339886
120  |*i_0_0_54          |            0.054417|             0.067773|           0.034026|         0.156216
121  |*i_0_0_55          |            0.051730|             0.270956|           0.027858|         0.350545
122  |*i_0_0_56          |            0.056253|             0.070007|           0.034026|         0.160286
123  |*i_0_0_57          |            0.051742|             0.270975|           0.027858|         0.350575
124  |*i_0_0_58          |            0.056265|             0.070021|           0.034026|         0.160313
125  |*i_0_0_59          |            0.049831|             0.261469|           0.027858|         0.339158
126  |*i_0_0_60          |            0.054296|             0.067626|           0.034026|         0.155948
127  |*i_0_0_61          |            0.052022|             0.272222|           0.027858|         0.352102
128  |*i_0_0_62          |            0.056574|             0.070335|           0.034026|         0.160935
129  |*i_0_0_63          |            0.051464|             0.270031|           0.027858|         0.349353
130  |*i_0_0_64          |            0.055977|             0.069673|           0.034026|         0.159677
131  |*i_0_0_65          |            0.000497|             0.027768|           0.021200|         0.049464
132  |*i_0_0_66          |            0.000733|             0.088185|           0.014353|         0.103271
133  |*i_0_0_67          |            0.001117|             0.032759|           0.017393|         0.051269
134  |*i_0_0_68          |            0.000624|             0.002206|           0.021200|         0.024030
135  |*i_0_0_69          |            0.000528|             0.001122|           0.021200|         0.022850
136  |*i_0_0_70          |            0.014217|             0.017368|           0.018127|         0.049712
137  |*i_0_0_71          |            0.014217|             0.017639|           0.018127|         0.049983
138  |*i_0_0_72          |            0.000000|             0.000000|           0.032601|         0.032601
139  |*i_0_0_73          |            0.000006|             0.000009|           0.018105|         0.018119
140  |*i_0_0_74          |            0.001942|             0.002435|           0.032601|         0.036979
141  |*i_0_0_75          |            0.000674|             0.001094|           0.018105|         0.019873
142  |*i_0_0_76          |            0.013653|             0.018409|           0.032601|         0.064664
143  |*i_0_0_77          |            0.013643|             0.017929|           0.032601|         0.064173
144  |*i_0_0_78          |            0.018354|             0.016928|           0.026733|         0.062015
145  |*i_0_0_79          |            0.013617|             0.016699|           0.032601|         0.062917
146  |*i_0_0_80          |            0.018364|             0.017696|           0.026733|         0.062794
147  |*i_0_0_81          |            0.018364|             0.017696|           0.026733|         0.062794
148  |*i_0_0_82          |            0.027080|             0.055982|           0.021200|         0.104262
149  |*i_0_0_83          |            0.027058|             0.052046|           0.021200|         0.100303
150  |*i_0_0_84          |            0.000369|             0.011352|           0.014353|         0.026074
151  |*i_0_0_85          |            0.001209|             0.025762|           0.034026|         0.060997
152  |*i_0_0_86          |            0.014217|             0.017344|           0.018127|         0.049688
153  |*i_0_0_87          |            0.014217|             0.017502|           0.018127|         0.049846
154  |*i_0_0_88          |            0.000006|             0.000009|           0.018105|         0.018119
155  |*i_0_0_89          |            0.001942|             0.002435|           0.032601|         0.036979
156  |*i_0_0_90          |            0.000004|             0.000005|           0.018127|         0.018135
157  |*i_0_0_91          |            0.013618|             0.016743|           0.032601|         0.062962
158  |*i_0_0_92          |            0.013643|             0.017929|           0.032601|         0.064173
159  |*i_0_0_93          |            0.013610|             0.016367|           0.032601|         0.062578
160  |*i_0_0_94          |            0.013617|             0.016699|           0.032601|         0.062917
161  |*i_0_0_95          |            0.013604|             0.016095|           0.032601|         0.062301
162  |*i_0_0_96          |            0.018364|             0.017696|           0.026733|         0.062794
163  |*i_0_0_97          |            0.013596|             0.015712|           0.032601|         0.061910
164  |*i_0_0_98          |            0.024793|             0.073240|           0.014353|         0.112386
165  |*i_0_0_99          |            0.024793|             0.073240|           0.014353|         0.112386
166  |*i_0_0_100         |            0.024793|             0.073240|           0.014353|         0.112386
167  |*i_0_0_101         |            0.024793|             0.073240|           0.014353|         0.112386
168  |*i_0_0_102         |            0.024793|             0.073240|           0.014353|         0.112386
169  |*i_0_0_103         |            0.024793|             0.073240|           0.014353|         0.112386
170  |*i_0_0_104         |            0.024793|             0.073240|           0.014353|         0.112386
171  |*i_0_0_105         |            0.024793|             0.073240|           0.014353|         0.112386
172  |*i_0_0_106         |            0.024793|             0.073240|           0.014353|         0.112386
173  |                   |                    |                     |                   |                 
174  |*TOTAL             |         1221.070801|          4863.742676|          42.107948|      6126.921387
-----+-------------------+--------------------+---------------------+-------------------+-----------------
