Report for group default
Report for group I2R
Report for group I2O
--------------------------------------------------------------------------------------------------------------------------------------
Startpoint: A[27]
    (Clocked by vsysclk R)
Endpoint: O[22]
    (Clocked by vsysclk R)
Path Group: I2O
Data required time: 19500.0
    (Clock shift: 20000.0, minus Uncertainty: 0.0, plus Latency 0.0, minus Out delay: 500.0)
Data arrival time: 1342.6
Slack: 18157.4
Logic depth: 7
--------------------------------------------------------------------------------------------------------------------------------------
                                                     Arrival               Arc      Net               Net    Total   fan-             
Path                     Module/Cell           Edge     Time    Delay    Delay    Delay     Slew     Load     Load    out     Location
                                                        (ps)     (ps)     (ps)     (ps)     (ps)     (ff)     (ff)    (#)      (um,um)
--------------------------------------------------------------------------------------------------------------------------------------
A[27]                    {set_input_delay}        r   1000.0   1000.0   1000.0                        8.6     23.8      4   119,   67 
i_0_0_85/A4->ZN          NAND4_X4                rf   1030.5     30.5     29.2      1.3      0.0      0.8      4.9      1    59,   60 
i_0_0_84/B2->ZN          OAI22_X4*               fr   1133.2    102.7    102.7      0.0     16.0     23.4    109.4     25    59,   60 
i_0_0_83/A->ZN           INV_X32                 rf   1144.7     11.5     10.5      1.0     15.3      8.0     48.2     10    59,   60 
i_0_0_66/A1->ZN          NAND2_X4*               fr   1189.7     45.0     44.8      0.2      5.0      8.0     70.0     10    59,   60 
i_0_0_65/A->ZN           INV_X32                 rf   1207.4     17.7     17.5      0.2     15.3     65.9    185.5     87    59,   60 
i_0_0_45/A2->ZN          AOI222_X4               fr   1329.5    122.1    119.7      2.4      8.9      0.8     26.2      1    59,   60 
i_0_0_44/A->ZN           INV_X8                  rf   1341.2     11.7     11.7      0.0     18.6      8.9     18.9      1    59,   60 
O[22]                                             f   1342.6      1.4               1.4      5.1                            119,   69 
--------------------------------------------------------------------------------------------------------------------------------------
Report for group R2O
