Report Power (instances with prefix '*' are included in total) : 
-----+-----------------+--------------------+---------------------+-------------------+-----------------
     | Instance        | Internal Power(uw) | Switching Power(uw) | Leakage Power(uw) | Total Power(uw) 
-----+-----------------+--------------------+---------------------+-------------------+-----------------
1    |*genblk1_0_stage1|            0.978752|             1.640244|           0.462045|         3.081041
2    |*genblk1_1_stage1|            0.978174|             1.641799|           0.462045|         3.082019
3    |*genblk1_2_stage1|            0.978176|             1.642367|           0.462045|         3.082589
4    |*genblk1_3_stage1|            0.978187|             1.643961|           0.462045|         3.084194
5    |*genblk1_4_stage1|            0.978189|             1.644545|           0.462045|         3.084779
6    |*genblk1_5_stage1|            0.978200|             1.646142|           0.462045|         3.086387
7    |*genblk1_6_stage1|            0.978202|             1.646726|           0.462045|         3.086973
8    |*genblk1_7_stage1|            0.977720|             1.713461|           0.462045|         3.153227
9    |*i_0_0_0         |            0.076175|             0.073227|           0.036164|         0.185566
10   |*i_0_0_1         |            0.075671|             0.072099|           0.036441|         0.184211
11   |*i_0_0_2         |            0.025935|             0.173968|           0.021200|         0.221103
12   |*i_0_1_0         |            0.047462|             0.393748|           0.027858|         0.469068
13   |*i_0_1_1         |            0.028513|             0.141475|           0.014353|         0.184342
14   |*i_0_1_2         |            0.047243|             0.393393|           0.027858|         0.468494
15   |*i_0_1_3         |            0.028488|             0.141348|           0.014353|         0.184188
16   |*i_0_1_4         |            0.047219|             0.393323|           0.027858|         0.468400
17   |*i_0_1_5         |            0.028483|             0.141323|           0.014353|         0.184158
18   |*i_0_1_6         |            0.047215|             0.393310|           0.027858|         0.468383
19   |*i_0_1_7         |            0.028482|             0.141318|           0.014353|         0.184153
20   |*i_0_1_8         |            0.047214|             0.393308|           0.027858|         0.468380
21   |*i_0_1_9         |            0.028481|             0.141317|           0.014353|         0.184152
22   |*i_0_1_10        |            0.047214|             0.393308|           0.027858|         0.468380
23   |*i_0_1_11        |            0.028481|             0.141317|           0.014353|         0.184152
24   |*i_0_1_12        |            0.047214|             0.393308|           0.027858|         0.468379
25   |*i_0_1_13        |            0.028481|             0.141317|           0.014353|         0.184152
26   |*i_0_1_14        |            0.047214|             0.393307|           0.027858|         0.468379
27   |*i_0_1_15        |            0.026269|             0.231076|           0.014353|         0.271699
28   |                 |                    |                     |                   |                 
29   |*TOTAL           |            8.607055|            17.906036|           4.127860|        30.640951
-----+-----------------+--------------------+---------------------+-------------------+-----------------
