Report for group default
Report for group I2R
Report for group I2O
--------------------------------------------------------------------------------------------------------------------------------------
Startpoint: R[7]
    (Clocked by vsysclk R)
Endpoint: OF
    (Clocked by vsysclk R)
Path Group: I2O
Data required time: 19500.0
    (Clock shift: 20000.0, minus Uncertainty: 0.0, plus Latency 0.0, minus Out delay: 500.0)
Data arrival time: 2571.1
Slack: 16928.9
Logic depth: 56
--------------------------------------------------------------------------------------------------------------------------------------
                                                     Arrival               Arc      Net               Net    Total   fan-             
Path                     Module/Cell           Edge     Time    Delay    Delay    Delay     Slew     Load     Load    out     Location
                                                        (ps)     (ps)     (ps)     (ps)     (ps)     (ff)     (ff)    (#)      (um,um)
--------------------------------------------------------------------------------------------------------------------------------------
R[7]                     {set_input_delay}        r   1000.0   1000.0   1000.0                        5.4     22.3      4    81,   41 
g0/i_0_7/A->Z            XOR2_X2                 rr   1050.2     50.2     49.7      0.5      0.0      0.7      4.6      1    40,   40 
g0/i_0_9/A4->ZN          NAND4_X4                rf   1084.6     34.4     34.4      0.0     27.2      0.7      4.9      1    40,   40 
g0/i_0_10/A2->ZN         NOR2_X4                 fr   1113.8     29.2     29.2      0.0     16.0      0.7      2.9      1    40,   40 
g0/i_0_11/S->Z           MUX2_X2                 rf   1201.3     87.5     87.5      0.0     14.0      2.7     14.9      4    40,   40 
genblk1_1_g/rippleCarry/fa0/i_0_1/B1->ZN
                         OAI21_X4                fr   1231.4     30.1     30.1      0.0     16.6      0.7      4.6      1    40,   40 
genblk1_1_g/rippleCarry/fa0/i_0_0/A2->ZN
                         NAND2_X4                rf   1252.4     21.0     21.0      0.0     18.7      1.9     12.8      3    40,   40 
genblk1_1_g/rippleCarry/genblk1_1_fa/i_0_1/B1->ZN
                         OAI21_X4                fr   1279.9     27.5     27.5      0.0     10.3      0.7      4.6      1    40,   40 
genblk1_1_g/rippleCarry/genblk1_1_fa/i_0_0/A2->ZN
                         NAND2_X4                rf   1300.9     21.0     21.0      0.0     18.7      1.9     12.8      3    40,   40 
genblk1_1_g/rippleCarry/genblk1_2_fa/i_0_1/B1->ZN
                         OAI21_X4                fr   1328.4     27.5     27.5      0.0     10.3      0.7      4.6      1    40,   40 
genblk1_1_g/rippleCarry/genblk1_2_fa/i_0_0/A2->ZN
                         NAND2_X4                rf   1349.4     21.0     21.0      0.0     18.7      1.9     12.8      3    40,   40 
genblk1_1_g/rippleCarry/genblk1_3_fa/i_0_1/B1->ZN
                         OAI21_X4                fr   1376.9     27.5     27.5      0.0     10.3      0.7      4.6      1    40,   40 
genblk1_1_g/rippleCarry/genblk1_3_fa/i_0_0/A2->ZN
                         NAND2_X4                rf   1397.9     21.0     21.0      0.0     18.7      1.9     12.8      3    40,   40 
genblk1_1_g/rippleCarry/genblk1_4_fa/i_0_1/B1->ZN
                         OAI21_X4                fr   1425.4     27.5     27.5      0.0     10.3      0.7      4.6      1    40,   40 
genblk1_1_g/rippleCarry/genblk1_4_fa/i_0_0/A2->ZN
                         NAND2_X4                rf   1446.4     21.0     21.0      0.0     18.7      1.9     12.8      3    40,   40 
genblk1_1_g/rippleCarry/genblk1_5_fa/i_0_1/B1->ZN
                         OAI21_X4                fr   1473.9     27.5     27.5      0.0     10.3      0.7      4.6      1    40,   40 
genblk1_1_g/rippleCarry/genblk1_5_fa/i_0_0/A2->ZN
                         NAND2_X4                rf   1494.9     21.0     21.0      0.0     18.7      1.9     12.8      3    40,   40 
genblk1_1_g/rippleCarry/genblk1_6_fa/i_0_1/B1->ZN
                         OAI21_X4                fr   1522.4     27.5     27.5      0.0     10.3      0.7      4.6      1    40,   40 
genblk1_1_g/rippleCarry/genblk1_6_fa/i_0_0/A2->ZN
                         NAND2_X4                rf   1543.4     21.0     21.0      0.0     18.7      1.9     12.8      3    40,   40 
genblk1_1_g/rippleCarry/genblk1_7_fa/i_0_1/B1->ZN
                         OAI21_X4                fr   1570.9     27.5     27.5      0.0     10.3      0.7      4.6      1    40,   40 
genblk1_1_g/rippleCarry/genblk1_7_fa/i_0_0/A2->ZN
                         NAND2_X2                rf   1584.8     13.9     13.9      0.0     18.7      0.7      1.9      1    40,   40 
genblk1_1_g/i_0_11/A->Z  MUX2_X2                 ff   1651.7     66.9     66.9      0.0      6.1      2.7     14.9      4    40,   40 
genblk1_2_g/rippleCarry/fa0/i_0_1/B1->ZN
                         OAI21_X4                fr   1681.8     30.1     30.1      0.0     16.6      0.7      4.6      1    40,   40 
genblk1_2_g/rippleCarry/fa0/i_0_0/A2->ZN
                         NAND2_X4                rf   1702.8     21.0     21.0      0.0     18.7      1.9     12.8      3    40,   40 
genblk1_2_g/rippleCarry/genblk1_1_fa/i_0_1/B1->ZN
                         OAI21_X4                fr   1730.3     27.5     27.5      0.0     10.3      0.7      4.6      1    40,   40 
genblk1_2_g/rippleCarry/genblk1_1_fa/i_0_0/A2->ZN
                         NAND2_X4                rf   1751.3     21.0     21.0      0.0     18.7      1.9     12.8      3    40,   40 
genblk1_2_g/rippleCarry/genblk1_2_fa/i_0_1/B1->ZN
                         OAI21_X4                fr   1778.8     27.5     27.5      0.0     10.3      0.7      4.6      1    40,   40 
genblk1_2_g/rippleCarry/genblk1_2_fa/i_0_0/A2->ZN
                         NAND2_X4                rf   1799.8     21.0     21.0      0.0     18.7      1.9     12.8      3    40,   40 
genblk1_2_g/rippleCarry/genblk1_3_fa/i_0_1/B1->ZN
                         OAI21_X4                fr   1827.3     27.5     27.5      0.0     10.3      0.7      4.6      1    40,   40 
genblk1_2_g/rippleCarry/genblk1_3_fa/i_0_0/A2->ZN
                         NAND2_X4                rf   1848.3     21.0     21.0      0.0     18.7      1.9     12.8      3    40,   40 
genblk1_2_g/rippleCarry/genblk1_4_fa/i_0_1/B1->ZN
                         OAI21_X4                fr   1875.8     27.5     27.5      0.0     10.3      0.7      4.6      1    40,   40 
genblk1_2_g/rippleCarry/genblk1_4_fa/i_0_0/A2->ZN
                         NAND2_X4                rf   1896.8     21.0     21.0      0.0     18.7      1.9     12.8      3    40,   40 
genblk1_2_g/rippleCarry/genblk1_5_fa/i_0_1/B1->ZN
                         OAI21_X4                fr   1924.3     27.5     27.5      0.0     10.3      0.7      4.6      1    40,   40 
genblk1_2_g/rippleCarry/genblk1_5_fa/i_0_0/A2->ZN
                         NAND2_X4                rf   1945.3     21.0     21.0      0.0     18.7      1.9     12.8      3    40,   40 
genblk1_2_g/rippleCarry/genblk1_6_fa/i_0_1/B1->ZN
                         OAI21_X4                fr   1972.8     27.5     27.5      0.0     10.3      0.7      4.6      1    40,   40 
genblk1_2_g/rippleCarry/genblk1_6_fa/i_0_0/A2->ZN
                         NAND2_X4                rf   1993.8     21.0     21.0      0.0     18.7      1.9     12.8      3    40,   40 
genblk1_2_g/rippleCarry/genblk1_7_fa/i_0_1/B1->ZN
                         OAI21_X4                fr   2021.3     27.5     27.5      0.0     10.3      0.7      4.6      1    40,   40 
genblk1_2_g/rippleCarry/genblk1_7_fa/i_0_0/A2->ZN
                         NAND2_X2                rf   2035.2     13.9     13.9      0.0     18.7      0.7      1.9      1    40,   40 
genblk1_2_g/i_0_11/A->Z  MUX2_X2                 ff   2102.1     66.9     66.9      0.0      6.1      8.2     14.9      4    40,   40 
genblk1_3_g/rippleCarry/fa0/i_0_1/B1->ZN
                         OAI21_X4                fr   2132.2     30.1     30.1      0.0     16.6      0.7      4.6      1    40,   40 
genblk1_3_g/rippleCarry/fa0/i_0_0/A2->ZN
                         NAND2_X4                rf   2153.2     21.0     21.0      0.0     18.7      1.9     12.8      3    40,   40 
genblk1_3_g/rippleCarry/genblk1_1_fa/i_0_1/B1->ZN
                         OAI21_X4                fr   2180.7     27.5     27.5      0.0     10.3      0.7      4.6      1    40,   40 
genblk1_3_g/rippleCarry/genblk1_1_fa/i_0_0/A2->ZN
                         NAND2_X4                rf   2201.7     21.0     21.0      0.0     18.7      1.9     12.8      3    40,   40 
genblk1_3_g/rippleCarry/genblk1_2_fa/i_0_1/B1->ZN
                         OAI21_X4                fr   2229.2     27.5     27.5      0.0     10.3      0.7      4.6      1    40,   40 
genblk1_3_g/rippleCarry/genblk1_2_fa/i_0_0/A2->ZN
                         NAND2_X4                rf   2250.2     21.0     21.0      0.0     18.7      1.9     12.8      3    40,   40 
genblk1_3_g/rippleCarry/genblk1_3_fa/i_0_1/B1->ZN
                         OAI21_X4                fr   2277.7     27.5     27.5      0.0     10.3      0.7      4.6      1    40,   40 
genblk1_3_g/rippleCarry/genblk1_3_fa/i_0_0/A2->ZN
                         NAND2_X4                rf   2298.7     21.0     21.0      0.0     18.7      1.9     12.8      3    40,   40 
genblk1_3_g/rippleCarry/genblk1_4_fa/i_0_1/B1->ZN
                         OAI21_X4                fr   2326.2     27.5     27.5      0.0     10.3      0.7      4.6      1    40,   40 
genblk1_3_g/rippleCarry/genblk1_4_fa/i_0_0/A2->ZN
                         NAND2_X4                rf   2347.2     21.0     21.0      0.0     18.7      1.9     12.8      3    40,   40 
genblk1_3_g/rippleCarry/genblk1_5_fa/i_0_1/B1->ZN
                         OAI21_X4                fr   2374.7     27.5     27.5      0.0     10.3      0.7      4.6      1    40,   40 
genblk1_3_g/rippleCarry/genblk1_5_fa/i_0_0/A2->ZN
                         NAND2_X4                rf   2395.7     21.0     21.0      0.0     18.7      1.9     12.8      3    40,   40 
genblk1_3_g/rippleCarry/genblk1_6_fa/i_0_1/B1->ZN
                         OAI21_X4                fr   2423.2     27.5     27.5      0.0     10.3      0.7      4.6      1    40,   40 
genblk1_3_g/rippleCarry/genblk1_6_fa/i_0_0/A2->ZN
                         NAND2_X4                rf   2448.6     25.4     25.4      0.0     18.7      3.3     20.9      5    40,   40 
genblk1_3_g/rippleCarry/genblk1_7_fa/i_0_1/B1->ZN
                         OAI21_X4                fr   2477.6     29.0     28.9      0.1     13.7      0.7      4.6      1    40,   40 
genblk1_3_g/rippleCarry/genblk1_7_fa/i_0_0/A2->ZN
                         NAND2_X4                rf   2497.0     19.4     19.4      0.0     18.7      2.1     10.1      3    40,   40 
genblk1_3_g/rippleCarry/i_0_1/A2->ZN
                         NOR2_X4                 fr   2523.4     26.4     26.4      0.0      9.2      0.7      3.1      1    40,   40 
genblk1_3_g/rippleCarry/i_0_0/A->ZN
                         AOI211_X4               rf   2570.6     47.2     47.2      0.0     14.1      5.5     15.5      1    40,   40 
OF                                                f   2571.1      0.5               0.5      7.8                              0,   42 
--------------------------------------------------------------------------------------------------------------------------------------
Report for group R2O
