Report Power (instances with prefix '*' are included in total) : 
-----+----------+--------------------+---------------------+-------------------+-----------------
     | Instance | Internal Power(uw) | Switching Power(uw) | Leakage Power(uw) | Total Power(uw) 
-----+----------+--------------------+---------------------+-------------------+-----------------
1    |*rca1     |            3.792841|            13.465966|           1.861716|        19.120523
2    |*rca2     |            3.684880|            10.811982|           1.803653|        16.300516
3    |*i_0_0_0  |            0.043094|             0.063244|           0.025066|         0.131404
4    |*i_0_0_1  |            0.024404|             0.035575|           0.025066|         0.085045
5    |*i_0_0_2  |            0.013002|             0.018775|           0.025066|         0.056844
6    |*i_0_0_3  |            0.006725|             0.009635|           0.025066|         0.041425
7    |*i_0_0_4  |            0.003423|             0.004879|           0.025066|         0.033368
8    |*i_0_0_5  |            0.001728|             0.002455|           0.025066|         0.029249
9    |*i_0_0_6  |            0.000868|             0.001231|           0.025066|         0.027165
10   |*i_0_0_7  |            0.000435|             0.000617|           0.025066|         0.026118
11   |*i_0_0_8  |            0.000218|             0.000309|           0.025066|         0.025592
12   |*i_0_0_9  |            0.000109|             0.000154|           0.025066|         0.025329
13   |*i_0_0_10 |            0.000055|             0.000077|           0.025066|         0.025198
14   |*i_0_0_11 |            0.000027|             0.000039|           0.025066|         0.025132
15   |*i_0_0_12 |            0.000014|             0.000019|           0.025066|         0.025099
16   |*i_0_0_13 |            0.000007|             0.000010|           0.025066|         0.025083
17   |*i_0_0_14 |            0.000004|             0.000009|           0.025066|         0.025079
18   |*i_0_0_15 |            0.078610|             0.233204|           0.036164|         0.347978
19   |*i_0_0_16 |            0.086983|             0.233048|           0.036164|         0.356195
20   |*i_0_0_17 |            0.094318|             0.233204|           0.036164|         0.363686
21   |*i_0_0_18 |            0.099914|             0.233068|           0.036164|         0.369146
22   |*i_0_0_19 |            0.103566|             0.232912|           0.036164|         0.372643
23   |*i_0_0_20 |            0.105691|             0.233594|           0.036164|         0.375448
24   |*i_0_0_21 |            0.106844|             0.233594|           0.036164|         0.376602
25   |*i_0_0_22 |            0.107445|             0.233750|           0.036164|         0.377359
26   |*i_0_0_23 |            0.107753|             0.233750|           0.036164|         0.377666
27   |*i_0_0_24 |            0.107908|             0.233594|           0.036164|         0.377666
28   |*i_0_0_25 |            0.107986|             0.233750|           0.036164|         0.377900
29   |*i_0_0_26 |            0.108025|             0.233614|           0.036164|         0.377803
30   |*i_0_0_27 |            0.108045|             0.233458|           0.036164|         0.377667
31   |*i_0_0_28 |            0.108054|             0.234139|           0.036164|         0.378357
32   |*i_0_0_29 |            0.108059|             0.234139|           0.036164|         0.378362
33   |*i_0_0_30 |            0.108097|             0.234295|           0.036164|         0.378556
34   |*i_0_0_31 |            0.050432|             0.378874|           0.027858|         0.457164
35   |*i_0_0_32 |            0.024999|             0.278825|           0.014353|         0.318178
36   |*i_0_0_33 |            0.102740|             0.222681|           0.036164|         0.361585
37   |          |                    |                     |                   |                 
38   |*TOTAL    |            9.397302|            29.032473|           4.698352|        43.128128
-----+----------+--------------------+---------------------+-------------------+-----------------
